A: 00000000 B: 00000000 PC: 00000000 SP: 00100000 ldc 4096
A: 00001000 B: 00000000 PC: 00000001 SP: 00100000 a2sp
A: 00000000 B: 00000000 PC: 00000002 SP: 00001000 adj -1
A: 00000000 B: 00000000 PC: 00000003 SP: 00000fff ldc 10
A: 0000000a B: 00000000 PC: 00000004 SP: 00000fff stl 0
A: 00000000 B: 00000000 PC: 00000005 SP: 00000fff ldc 65
A: 00000041 B: 00000000 PC: 00000006 SP: 00000fff call 1
A: 00000006 B: 00000041 PC: 00000008 SP: 00000fff adj -1
A: 00000006 B: 00000041 PC: 00000009 SP: 00000ffe stl 0
A: 00000041 B: 00000041 PC: 0000000a SP: 00000ffe stl 2
A: 00000041 B: 00000041 PC: 0000000b SP: 00000ffe adj -3
A: 00000041 B: 00000041 PC: 0000000c SP: 00000ffb ldc 0
A: 00000000 B: 00000041 PC: 0000000d SP: 00000ffb stl 0
A: 00000041 B: 00000041 PC: 0000000e SP: 00000ffb ldc 1
A: 00000001 B: 00000041 PC: 0000000f SP: 00000ffb stl 1
A: 00000041 B: 00000041 PC: 00000010 SP: 00000ffb ldc 0
A: 00000000 B: 00000041 PC: 00000011 SP: 00000ffb stl 2
A: 00000041 B: 00000041 PC: 00000012 SP: 00000ffb ldl 4
A: 0000000a B: 00000041 PC: 00000013 SP: 00000ffb ldl 2
A: 00000000 B: 0000000a PC: 00000014 SP: 00000ffb sub
A: 0000000a B: 0000000a PC: 00000015 SP: 00000ffb ldc 1
A: 00000001 B: 0000000a PC: 00000016 SP: 00000ffb sub
A: 00000009 B: 0000000a PC: 00000017 SP: 00000ffb brz 38
A: 00000009 B: 0000000a PC: 00000018 SP: 00000ffb ldc 1
A: 00000001 B: 00000009 PC: 00000019 SP: 00000ffb stl 1
A: 00000009 B: 00000009 PC: 0000001a SP: 00000ffb ldl 4
A: 0000000a B: 00000009 PC: 0000001b SP: 00000ffb ldl 2
A: 00000000 B: 0000000a PC: 0000001c SP: 00000ffb sub
A: 0000000a B: 0000000a PC: 0000001d SP: 00000ffb ldl 1
A: 00000001 B: 0000000a PC: 0000001e SP: 00000ffb sub
A: 00000009 B: 0000000a PC: 0000001f SP: 00000ffb brz 22
A: 00000009 B: 0000000a PC: 00000020 SP: 00000ffb ldl 5
A: 00000041 B: 00000009 PC: 00000021 SP: 00000ffb ldnl 0
A: 00000002 B: 00000009 PC: 00000022 SP: 00000ffb ldc 0
A: 00000000 B: 00000002 PC: 00000023 SP: 00000ffb ldnl 1
A: 0000000b B: 00000002 PC: 00000024 SP: 00000ffb sub
A: fffffff7 B: 00000002 PC: 00000025 SP: 00000ffb brlz 1
A: fffffff7 B: 00000002 PC: 00000027 SP: 00000ffb ldl 5
A: 00000041 B: fffffff7 PC: 00000028 SP: 00000ffb ldnl 0
A: 00000002 B: fffffff7 PC: 00000029 SP: 00000ffb stl 0
A: fffffff7 B: fffffff7 PC: 0000002a SP: 00000ffb ldl 5
A: 00000041 B: fffffff7 PC: 0000002b SP: 00000ffb ldnl 1
A: 00000001 B: fffffff7 PC: 0000002c SP: 00000ffb ldl 5
A: 00000041 B: 00000001 PC: 0000002d SP: 00000ffb stnl 0
A: 00000041 B: 00000001 PC: 0000002e SP: 00000ffb ldl 0
A: 00000002 B: 00000041 PC: 0000002f SP: 00000ffb ldl 5
A: 00000041 B: 00000002 PC: 00000030 SP: 00000ffb stnl 1
A: 00000041 B: 00000002 PC: 00000031 SP: 00000ffb ldc 1
A: 00000001 B: 00000041 PC: 00000032 SP: 00000ffb ldl 1
A: 00000001 B: 00000001 PC: 00000033 SP: 00000ffb add
A: 00000002 B: 00000001 PC: 00000034 SP: 00000ffb stl 1
A: 00000001 B: 00000001 PC: 00000035 SP: 00000ffb br -28
A: 00000001 B: 00000001 PC: 0000001a SP: 00000ffb ldl 4
A: 0000000a B: 00000001 PC: 0000001b SP: 00000ffb ldl 2
A: 00000000 B: 0000000a PC: 0000001c SP: 00000ffb sub
A: 0000000a B: 0000000a PC: 0000001d SP: 00000ffb ldl 1
A: 00000002 B: 0000000a PC: 0000001e SP: 00000ffb sub
A: 00000008 B: 0000000a PC: 0000001f SP: 00000ffb brz 22
A: 00000008 B: 0000000a PC: 00000020 SP: 00000ffb ldl 5
A: 00000041 B: 00000008 PC: 00000021 SP: 00000ffb ldnl 0
A: 00000001 B: 00000008 PC: 00000022 SP: 00000ffb ldc 0
A: 00000000 B: 00000001 PC: 00000023 SP: 00000ffb ldnl 1
A: 0000000b B: 00000001 PC: 00000024 SP: 00000ffb sub
A: fffffff6 B: 00000001 PC: 00000025 SP: 00000ffb brlz 1
A: fffffff6 B: 00000001 PC: 00000027 SP: 00000ffb ldl 5
A: 00000041 B: fffffff6 PC: 00000028 SP: 00000ffb ldnl 0
A: 00000001 B: fffffff6 PC: 00000029 SP: 00000ffb stl 0
A: fffffff6 B: fffffff6 PC: 0000002a SP: 00000ffb ldl 5
A: 00000041 B: fffffff6 PC: 0000002b SP: 00000ffb ldnl 1
A: 00000002 B: fffffff6 PC: 0000002c SP: 00000ffb ldl 5
A: 00000041 B: 00000002 PC: 0000002d SP: 00000ffb stnl 0
A: 00000041 B: 00000002 PC: 0000002e SP: 00000ffb ldl 0
A: 00000001 B: 00000041 PC: 0000002f SP: 00000ffb ldl 5
A: 00000041 B: 00000001 PC: 00000030 SP: 00000ffb stnl 1
A: 00000041 B: 00000001 PC: 00000031 SP: 00000ffb ldc 1
A: 00000001 B: 00000041 PC: 00000032 SP: 00000ffb ldl 1
A: 00000002 B: 00000001 PC: 00000033 SP: 00000ffb add
A: 00000003 B: 00000001 PC: 00000034 SP: 00000ffb stl 1
A: 00000001 B: 00000001 PC: 00000035 SP: 00000ffb br -28
A: 00000001 B: 00000001 PC: 0000001a SP: 00000ffb ldl 4
A: 0000000a B: 00000001 PC: 0000001b SP: 00000ffb ldl 2
A: 00000000 B: 0000000a PC: 0000001c SP: 00000ffb sub
A: 0000000a B: 0000000a PC: 0000001d SP: 00000ffb ldl 1
A: 00000003 B: 0000000a PC: 0000001e SP: 00000ffb sub
A: 00000007 B: 0000000a PC: 0000001f SP: 00000ffb brz 22
A: 00000007 B: 0000000a PC: 00000020 SP: 00000ffb ldl 5
A: 00000041 B: 00000007 PC: 00000021 SP: 00000ffb ldnl 0
A: 00000002 B: 00000007 PC: 00000022 SP: 00000ffb ldc 0
A: 00000000 B: 00000002 PC: 00000023 SP: 00000ffb ldnl 1
A: 0000000b B: 00000002 PC: 00000024 SP: 00000ffb sub
A: fffffff7 B: 00000002 PC: 00000025 SP: 00000ffb brlz 1
A: fffffff7 B: 00000002 PC: 00000027 SP: 00000ffb ldl 5
A: 00000041 B: fffffff7 PC: 00000028 SP: 00000ffb ldnl 0
A: 00000002 B: fffffff7 PC: 00000029 SP: 00000ffb stl 0
A: fffffff7 B: fffffff7 PC: 0000002a SP: 00000ffb ldl 5
A: 00000041 B: fffffff7 PC: 0000002b SP: 00000ffb ldnl 1
A: 00000001 B: fffffff7 PC: 0000002c SP: 00000ffb ldl 5
A: 00000041 B: 00000001 PC: 0000002d SP: 00000ffb stnl 0
A: 00000041 B: 00000001 PC: 0000002e SP: 00000ffb ldl 0
A: 00000002 B: 00000041 PC: 0000002f SP: 00000ffb ldl 5
A: 00000041 B: 00000002 PC: 00000030 SP: 00000ffb stnl 1
A: 00000041 B: 00000002 PC: 00000031 SP: 00000ffb ldc 1
A: 00000001 B: 00000041 PC: 00000032 SP: 00000ffb ldl 1
A: 00000003 B: 00000001 PC: 00000033 SP: 00000ffb add
A: 00000004 B: 00000001 PC: 00000034 SP: 00000ffb stl 1
A: 00000001 B: 00000001 PC: 00000035 SP: 00000ffb br -28
A: 00000001 B: 00000001 PC: 0000001a SP: 00000ffb ldl 4
A: 0000000a B: 00000001 PC: 0000001b SP: 00000ffb ldl 2
A: 00000000 B: 0000000a PC: 0000001c SP: 00000ffb sub
A: 0000000a B: 0000000a PC: 0000001d SP: 00000ffb ldl 1
A: 00000004 B: 0000000a PC: 0000001e SP: 00000ffb sub
A: 00000006 B: 0000000a PC: 0000001f SP: 00000ffb brz 22
A: 00000006 B: 0000000a PC: 00000020 SP: 00000ffb ldl 5
A: 00000041 B: 00000006 PC: 00000021 SP: 00000ffb ldnl 0
A: 00000001 B: 00000006 PC: 00000022 SP: 00000ffb ldc 0
A: 00000000 B: 00000001 PC: 00000023 SP: 00000ffb ldnl 1
A: 0000000b B: 00000001 PC: 00000024 SP: 00000ffb sub
A: fffffff6 B: 00000001 PC: 00000025 SP: 00000ffb brlz 1
A: fffffff6 B: 00000001 PC: 00000027 SP: 00000ffb ldl 5
A: 00000041 B: fffffff6 PC: 00000028 SP: 00000ffb ldnl 0
A: 00000001 B: fffffff6 PC: 00000029 SP: 00000ffb stl 0
A: fffffff6 B: fffffff6 PC: 0000002a SP: 00000ffb ldl 5
A: 00000041 B: fffffff6 PC: 0000002b SP: 00000ffb ldnl 1
A: 00000002 B: fffffff6 PC: 0000002c SP: 00000ffb ldl 5
A: 00000041 B: 00000002 PC: 0000002d SP: 00000ffb stnl 0
A: 00000041 B: 00000002 PC: 0000002e SP: 00000ffb ldl 0
A: 00000001 B: 00000041 PC: 0000002f SP: 00000ffb ldl 5
A: 00000041 B: 00000001 PC: 00000030 SP: 00000ffb stnl 1
A: 00000041 B: 00000001 PC: 00000031 SP: 00000ffb ldc 1
A: 00000001 B: 00000041 PC: 00000032 SP: 00000ffb ldl 1
A: 00000004 B: 00000001 PC: 00000033 SP: 00000ffb add
A: 00000005 B: 00000001 PC: 00000034 SP: 00000ffb stl 1
A: 00000001 B: 00000001 PC: 00000035 SP: 00000ffb br -28
A: 00000001 B: 00000001 PC: 0000001a SP: 00000ffb ldl 4
A: 0000000a B: 00000001 PC: 0000001b SP: 00000ffb ldl 2
A: 00000000 B: 0000000a PC: 0000001c SP: 00000ffb sub
A: 0000000a B: 0000000a PC: 0000001d SP: 00000ffb ldl 1
A: 00000005 B: 0000000a PC: 0000001e SP: 00000ffb sub
A: 00000005 B: 0000000a PC: 0000001f SP: 00000ffb brz 22
A: 00000005 B: 0000000a PC: 00000020 SP: 00000ffb ldl 5
A: 00000041 B: 00000005 PC: 00000021 SP: 00000ffb ldnl 0
A: 00000002 B: 00000005 PC: 00000022 SP: 00000ffb ldc 0
A: 00000000 B: 00000002 PC: 00000023 SP: 00000ffb ldnl 1
A: 0000000b B: 00000002 PC: 00000024 SP: 00000ffb sub
A: fffffff7 B: 00000002 PC: 00000025 SP: 00000ffb brlz 1
A: fffffff7 B: 00000002 PC: 00000027 SP: 00000ffb ldl 5
A: 00000041 B: fffffff7 PC: 00000028 SP: 00000ffb ldnl 0
A: 00000002 B: fffffff7 PC: 00000029 SP: 00000ffb stl 0
A: fffffff7 B: fffffff7 PC: 0000002a SP: 00000ffb ldl 5
A: 00000041 B: fffffff7 PC: 0000002b SP: 00000ffb ldnl 1
A: 00000001 B: fffffff7 PC: 0000002c SP: 00000ffb ldl 5
A: 00000041 B: 00000001 PC: 0000002d SP: 00000ffb stnl 0
A: 00000041 B: 00000001 PC: 0000002e SP: 00000ffb ldl 0
A: 00000002 B: 00000041 PC: 0000002f SP: 00000ffb ldl 5
A: 00000041 B: 00000002 PC: 00000030 SP: 00000ffb stnl 1
A: 00000041 B: 00000002 PC: 00000031 SP: 00000ffb ldc 1
A: 00000001 B: 00000041 PC: 00000032 SP: 00000ffb ldl 1
A: 00000005 B: 00000001 PC: 00000033 SP: 00000ffb add
A: 00000006 B: 00000001 PC: 00000034 SP: 00000ffb stl 1
A: 00000001 B: 00000001 PC: 00000035 SP: 00000ffb br -28
A: 00000001 B: 00000001 PC: 0000001a SP: 00000ffb ldl 4
A: 0000000a B: 00000001 PC: 0000001b SP: 00000ffb ldl 2
A: 00000000 B: 0000000a PC: 0000001c SP: 00000ffb sub
A: 0000000a B: 0000000a PC: 0000001d SP: 00000ffb ldl 1
A: 00000006 B: 0000000a PC: 0000001e SP: 00000ffb sub
A: 00000004 B: 0000000a PC: 0000001f SP: 00000ffb brz 22
A: 00000004 B: 0000000a PC: 00000020 SP: 00000ffb ldl 5
A: 00000041 B: 00000004 PC: 00000021 SP: 00000ffb ldnl 0
A: 00000001 B: 00000004 PC: 00000022 SP: 00000ffb ldc 0
A: 00000000 B: 00000001 PC: 00000023 SP: 00000ffb ldnl 1
A: 0000000b B: 00000001 PC: 00000024 SP: 00000ffb sub
A: fffffff6 B: 00000001 PC: 00000025 SP: 00000ffb brlz 1
A: fffffff6 B: 00000001 PC: 00000027 SP: 00000ffb ldl 5
A: 00000041 B: fffffff6 PC: 00000028 SP: 00000ffb ldnl 0
A: 00000001 B: fffffff6 PC: 00000029 SP: 00000ffb stl 0
A: fffffff6 B: fffffff6 PC: 0000002a SP: 00000ffb ldl 5
A: 00000041 B: fffffff6 PC: 0000002b SP: 00000ffb ldnl 1
A: 00000002 B: fffffff6 PC: 0000002c SP: 00000ffb ldl 5
A: 00000041 B: 00000002 PC: 0000002d SP: 00000ffb stnl 0
A: 00000041 B: 00000002 PC: 0000002e SP: 00000ffb ldl 0
A: 00000001 B: 00000041 PC: 0000002f SP: 00000ffb ldl 5
A: 00000041 B: 00000001 PC: 00000030 SP: 00000ffb stnl 1
A: 00000041 B: 00000001 PC: 00000031 SP: 00000ffb ldc 1
A: 00000001 B: 00000041 PC: 00000032 SP: 00000ffb ldl 1
A: 00000006 B: 00000001 PC: 00000033 SP: 00000ffb add
A: 00000007 B: 00000001 PC: 00000034 SP: 00000ffb stl 1
A: 00000001 B: 00000001 PC: 00000035 SP: 00000ffb br -28
A: 00000001 B: 00000001 PC: 0000001a SP: 00000ffb ldl 4
A: 0000000a B: 00000001 PC: 0000001b SP: 00000ffb ldl 2
A: 00000000 B: 0000000a PC: 0000001c SP: 00000ffb sub
A: 0000000a B: 0000000a PC: 0000001d SP: 00000ffb ldl 1
A: 00000007 B: 0000000a PC: 0000001e SP: 00000ffb sub
A: 00000003 B: 0000000a PC: 0000001f SP: 00000ffb brz 22
A: 00000003 B: 0000000a PC: 00000020 SP: 00000ffb ldl 5
A: 00000041 B: 00000003 PC: 00000021 SP: 00000ffb ldnl 0
A: 00000002 B: 00000003 PC: 00000022 SP: 00000ffb ldc 0
A: 00000000 B: 00000002 PC: 00000023 SP: 00000ffb ldnl 1
A: 0000000b B: 00000002 PC: 00000024 SP: 00000ffb sub
A: fffffff7 B: 00000002 PC: 00000025 SP: 00000ffb brlz 1
A: fffffff7 B: 00000002 PC: 00000027 SP: 00000ffb ldl 5
A: 00000041 B: fffffff7 PC: 00000028 SP: 00000ffb ldnl 0
A: 00000002 B: fffffff7 PC: 00000029 SP: 00000ffb stl 0
A: fffffff7 B: fffffff7 PC: 0000002a SP: 00000ffb ldl 5
A: 00000041 B: fffffff7 PC: 0000002b SP: 00000ffb ldnl 1
A: 00000001 B: fffffff7 PC: 0000002c SP: 00000ffb ldl 5
A: 00000041 B: 00000001 PC: 0000002d SP: 00000ffb stnl 0
A: 00000041 B: 00000001 PC: 0000002e SP: 00000ffb ldl 0
A: 00000002 B: 00000041 PC: 0000002f SP: 00000ffb ldl 5
A: 00000041 B: 00000002 PC: 00000030 SP: 00000ffb stnl 1
A: 00000041 B: 00000002 PC: 00000031 SP: 00000ffb ldc 1
A: 00000001 B: 00000041 PC: 00000032 SP: 00000ffb ldl 1
A: 00000007 B: 00000001 PC: 00000033 SP: 00000ffb add
A: 00000008 B: 00000001 PC: 00000034 SP: 00000ffb stl 1
A: 00000001 B: 00000001 PC: 00000035 SP: 00000ffb br -28
A: 00000001 B: 00000001 PC: 0000001a SP: 00000ffb ldl 4
A: 0000000a B: 00000001 PC: 0000001b SP: 00000ffb ldl 2
A: 00000000 B: 0000000a PC: 0000001c SP: 00000ffb sub
A: 0000000a B: 0000000a PC: 0000001d SP: 00000ffb ldl 1
A: 00000008 B: 0000000a PC: 0000001e SP: 00000ffb sub
A: 00000002 B: 0000000a PC: 0000001f SP: 00000ffb brz 22
A: 00000002 B: 0000000a PC: 00000020 SP: 00000ffb ldl 5
A: 00000041 B: 00000002 PC: 00000021 SP: 00000ffb ldnl 0
A: 00000001 B: 00000002 PC: 00000022 SP: 00000ffb ldc 0
A: 00000000 B: 00000001 PC: 00000023 SP: 00000ffb ldnl 1
A: 0000000b B: 00000001 PC: 00000024 SP: 00000ffb sub
A: fffffff6 B: 00000001 PC: 00000025 SP: 00000ffb brlz 1
A: fffffff6 B: 00000001 PC: 00000027 SP: 00000ffb ldl 5
A: 00000041 B: fffffff6 PC: 00000028 SP: 00000ffb ldnl 0
A: 00000001 B: fffffff6 PC: 00000029 SP: 00000ffb stl 0
A: fffffff6 B: fffffff6 PC: 0000002a SP: 00000ffb ldl 5
A: 00000041 B: fffffff6 PC: 0000002b SP: 00000ffb ldnl 1
A: 00000002 B: fffffff6 PC: 0000002c SP: 00000ffb ldl 5
A: 00000041 B: 00000002 PC: 0000002d SP: 00000ffb stnl 0
A: 00000041 B: 00000002 PC: 0000002e SP: 00000ffb ldl 0
A: 00000001 B: 00000041 PC: 0000002f SP: 00000ffb ldl 5
A: 00000041 B: 00000001 PC: 00000030 SP: 00000ffb stnl 1
A: 00000041 B: 00000001 PC: 00000031 SP: 00000ffb ldc 1
A: 00000001 B: 00000041 PC: 00000032 SP: 00000ffb ldl 1
A: 00000008 B: 00000001 PC: 00000033 SP: 00000ffb add
A: 00000009 B: 00000001 PC: 00000034 SP: 00000ffb stl 1
A: 00000001 B: 00000001 PC: 00000035 SP: 00000ffb br -28
A: 00000001 B: 00000001 PC: 0000001a SP: 00000ffb ldl 4
A: 0000000a B: 00000001 PC: 0000001b SP: 00000ffb ldl 2
A: 00000000 B: 0000000a PC: 0000001c SP: 00000ffb sub
A: 0000000a B: 0000000a PC: 0000001d SP: 00000ffb ldl 1
A: 00000009 B: 0000000a PC: 0000001e SP: 00000ffb sub
A: 00000001 B: 0000000a PC: 0000001f SP: 00000ffb brz 22
A: 00000001 B: 0000000a PC: 00000020 SP: 00000ffb ldl 5
A: 00000041 B: 00000001 PC: 00000021 SP: 00000ffb ldnl 0
A: 00000002 B: 00000001 PC: 00000022 SP: 00000ffb ldc 0
A: 00000000 B: 00000002 PC: 00000023 SP: 00000ffb ldnl 1
A: 0000000b B: 00000002 PC: 00000024 SP: 00000ffb sub
A: fffffff7 B: 00000002 PC: 00000025 SP: 00000ffb brlz 1
A: fffffff7 B: 00000002 PC: 00000027 SP: 00000ffb ldl 5
A: 00000041 B: fffffff7 PC: 00000028 SP: 00000ffb ldnl 0
A: 00000002 B: fffffff7 PC: 00000029 SP: 00000ffb stl 0
A: fffffff7 B: fffffff7 PC: 0000002a SP: 00000ffb ldl 5
A: 00000041 B: fffffff7 PC: 0000002b SP: 00000ffb ldnl 1
A: 00000001 B: fffffff7 PC: 0000002c SP: 00000ffb ldl 5
A: 00000041 B: 00000001 PC: 0000002d SP: 00000ffb stnl 0
A: 00000041 B: 00000001 PC: 0000002e SP: 00000ffb ldl 0
A: 00000002 B: 00000041 PC: 0000002f SP: 00000ffb ldl 5
A: 00000041 B: 00000002 PC: 00000030 SP: 00000ffb stnl 1
A: 00000041 B: 00000002 PC: 00000031 SP: 00000ffb ldc 1
A: 00000001 B: 00000041 PC: 00000032 SP: 00000ffb ldl 1
A: 00000009 B: 00000001 PC: 00000033 SP: 00000ffb add
A: 0000000a B: 00000001 PC: 00000034 SP: 00000ffb stl 1
A: 00000001 B: 00000001 PC: 00000035 SP: 00000ffb br -28
A: 00000001 B: 00000001 PC: 0000001a SP: 00000ffb ldl 4
A: 0000000a B: 00000001 PC: 0000001b SP: 00000ffb ldl 2
A: 00000000 B: 0000000a PC: 0000001c SP: 00000ffb sub
A: 0000000a B: 0000000a PC: 0000001d SP: 00000ffb ldl 1
A: 0000000a B: 0000000a PC: 0000001e SP: 00000ffb sub
A: 00000000 B: 0000000a PC: 0000001f SP: 00000ffb brz 22
A: 00000000 B: 0000000a PC: 00000036 SP: 00000ffb ldc 1
A: 00000001 B: 00000000 PC: 00000037 SP: 00000ffb ldl 2
A: 00000000 B: 00000001 PC: 00000038 SP: 00000ffb add
A: 00000001 B: 00000001 PC: 00000039 SP: 00000ffb stl 2
A: 00000001 B: 00000001 PC: 0000003a SP: 00000ffb ldc 1
A: 00000001 B: 00000001 PC: 0000003b SP: 00000ffb ldl 5
A: 00000041 B: 00000001 PC: 0000003c SP: 00000ffb add
A: 00000042 B: 00000001 PC: 0000003d SP: 00000ffb br -44
A: 00000042 B: 00000001 PC: 00000012 SP: 00000ffb ldl 4
A: 0000000a B: 00000042 PC: 00000013 SP: 00000ffb ldl 2
A: 00000001 B: 0000000a PC: 00000014 SP: 00000ffb sub
A: 00000009 B: 0000000a PC: 00000015 SP: 00000ffb ldc 1
A: 00000001 B: 00000009 PC: 00000016 SP: 00000ffb sub
A: 00000008 B: 00000009 PC: 00000017 SP: 00000ffb brz 38
A: 00000008 B: 00000009 PC: 00000018 SP: 00000ffb ldc 1
A: 00000001 B: 00000008 PC: 00000019 SP: 00000ffb stl 1
A: 00000008 B: 00000008 PC: 0000001a SP: 00000ffb ldl 4
A: 0000000a B: 00000008 PC: 0000001b SP: 00000ffb ldl 2
A: 00000001 B: 0000000a PC: 0000001c SP: 00000ffb sub
A: 00000009 B: 0000000a PC: 0000001d SP: 00000ffb ldl 1
A: 00000001 B: 00000009 PC: 0000001e SP: 00000ffb sub
A: 00000008 B: 00000009 PC: 0000001f SP: 00000ffb brz 22
A: 00000008 B: 00000009 PC: 00000020 SP: 00000ffb ldl 5
A: 00000041 B: 00000008 PC: 00000021 SP: 00000ffb ldnl 0
A: 00000001 B: 00000008 PC: 00000022 SP: 00000ffb ldc 0
A: 00000000 B: 00000001 PC: 00000023 SP: 00000ffb ldnl 1
A: 0000000b B: 00000001 PC: 00000024 SP: 00000ffb sub
A: fffffff6 B: 00000001 PC: 00000025 SP: 00000ffb brlz 1
A: fffffff6 B: 00000001 PC: 00000027 SP: 00000ffb ldl 5
A: 00000041 B: fffffff6 PC: 00000028 SP: 00000ffb ldnl 0
A: 00000001 B: fffffff6 PC: 00000029 SP: 00000ffb stl 0
A: fffffff6 B: fffffff6 PC: 0000002a SP: 00000ffb ldl 5
A: 00000041 B: fffffff6 PC: 0000002b SP: 00000ffb ldnl 1
A: 00000002 B: fffffff6 PC: 0000002c SP: 00000ffb ldl 5
A: 00000041 B: 00000002 PC: 0000002d SP: 00000ffb stnl 0
A: 00000041 B: 00000002 PC: 0000002e SP: 00000ffb ldl 0
A: 00000001 B: 00000041 PC: 0000002f SP: 00000ffb ldl 5
A: 00000041 B: 00000001 PC: 00000030 SP: 00000ffb stnl 1
A: 00000041 B: 00000001 PC: 00000031 SP: 00000ffb ldc 1
A: 00000001 B: 00000041 PC: 00000032 SP: 00000ffb ldl 1
A: 00000001 B: 00000001 PC: 00000033 SP: 00000ffb add
A: 00000002 B: 00000001 PC: 00000034 SP: 00000ffb stl 1
A: 00000001 B: 00000001 PC: 00000035 SP: 00000ffb br -28
A: 00000001 B: 00000001 PC: 0000001a SP: 00000ffb ldl 4
A: 0000000a B: 00000001 PC: 0000001b SP: 00000ffb ldl 2
A: 00000001 B: 0000000a PC: 0000001c SP: 00000ffb sub
A: 00000009 B: 0000000a PC: 0000001d SP: 00000ffb ldl 1
A: 00000002 B: 00000009 PC: 0000001e SP: 00000ffb sub
A: 00000007 B: 00000009 PC: 0000001f SP: 00000ffb brz 22
A: 00000007 B: 00000009 PC: 00000020 SP: 00000ffb ldl 5
A: 00000041 B: 00000007 PC: 00000021 SP: 00000ffb ldnl 0
A: 00000002 B: 00000007 PC: 00000022 SP: 00000ffb ldc 0
A: 00000000 B: 00000002 PC: 00000023 SP: 00000ffb ldnl 1
A: 0000000b B: 00000002 PC: 00000024 SP: 00000ffb sub
A: fffffff7 B: 00000002 PC: 00000025 SP: 00000ffb brlz 1
A: fffffff7 B: 00000002 PC: 00000027 SP: 00000ffb ldl 5
A: 00000041 B: fffffff7 PC: 00000028 SP: 00000ffb ldnl 0
A: 00000002 B: fffffff7 PC: 00000029 SP: 00000ffb stl 0
A: fffffff7 B: fffffff7 PC: 0000002a SP: 00000ffb ldl 5
A: 00000041 B: fffffff7 PC: 0000002b SP: 00000ffb ldnl 1
A: 00000001 B: fffffff7 PC: 0000002c SP: 00000ffb ldl 5
A: 00000041 B: 00000001 PC: 0000002d SP: 00000ffb stnl 0
A: 00000041 B: 00000001 PC: 0000002e SP: 00000ffb ldl 0
A: 00000002 B: 00000041 PC: 0000002f SP: 00000ffb ldl 5
A: 00000041 B: 00000002 PC: 00000030 SP: 00000ffb stnl 1
A: 00000041 B: 00000002 PC: 00000031 SP: 00000ffb ldc 1
A: 00000001 B: 00000041 PC: 00000032 SP: 00000ffb ldl 1
A: 00000002 B: 00000001 PC: 00000033 SP: 00000ffb add
A: 00000003 B: 00000001 PC: 00000034 SP: 00000ffb stl 1
A: 00000001 B: 00000001 PC: 00000035 SP: 00000ffb br -28
A: 00000001 B: 00000001 PC: 0000001a SP: 00000ffb ldl 4
A: 0000000a B: 00000001 PC: 0000001b SP: 00000ffb ldl 2
A: 00000001 B: 0000000a PC: 0000001c SP: 00000ffb sub
A: 00000009 B: 0000000a PC: 0000001d SP: 00000ffb ldl 1
A: 00000003 B: 00000009 PC: 0000001e SP: 00000ffb sub
A: 00000006 B: 00000009 PC: 0000001f SP: 00000ffb brz 22
A: 00000006 B: 00000009 PC: 00000020 SP: 00000ffb ldl 5
A: 00000041 B: 00000006 PC: 00000021 SP: 00000ffb ldnl 0
A: 00000001 B: 00000006 PC: 00000022 SP: 00000ffb ldc 0
A: 00000000 B: 00000001 PC: 00000023 SP: 00000ffb ldnl 1
A: 0000000b B: 00000001 PC: 00000024 SP: 00000ffb sub
A: fffffff6 B: 00000001 PC: 00000025 SP: 00000ffb brlz 1
A: fffffff6 B: 00000001 PC: 00000027 SP: 00000ffb ldl 5
A: 00000041 B: fffffff6 PC: 00000028 SP: 00000ffb ldnl 0
A: 00000001 B: fffffff6 PC: 00000029 SP: 00000ffb stl 0
A: fffffff6 B: fffffff6 PC: 0000002a SP: 00000ffb ldl 5
A: 00000041 B: fffffff6 PC: 0000002b SP: 00000ffb ldnl 1
A: 00000002 B: fffffff6 PC: 0000002c SP: 00000ffb ldl 5
A: 00000041 B: 00000002 PC: 0000002d SP: 00000ffb stnl 0
A: 00000041 B: 00000002 PC: 0000002e SP: 00000ffb ldl 0
A: 00000001 B: 00000041 PC: 0000002f SP: 00000ffb ldl 5
A: 00000041 B: 00000001 PC: 00000030 SP: 00000ffb stnl 1
A: 00000041 B: 00000001 PC: 00000031 SP: 00000ffb ldc 1
A: 00000001 B: 00000041 PC: 00000032 SP: 00000ffb ldl 1
A: 00000003 B: 00000001 PC: 00000033 SP: 00000ffb add
A: 00000004 B: 00000001 PC: 00000034 SP: 00000ffb stl 1
A: 00000001 B: 00000001 PC: 00000035 SP: 00000ffb br -28
A: 00000001 B: 00000001 PC: 0000001a SP: 00000ffb ldl 4
A: 0000000a B: 00000001 PC: 0000001b SP: 00000ffb ldl 2
A: 00000001 B: 0000000a PC: 0000001c SP: 00000ffb sub
A: 00000009 B: 0000000a PC: 0000001d SP: 00000ffb ldl 1
A: 00000004 B: 00000009 PC: 0000001e SP: 00000ffb sub
A: 00000005 B: 00000009 PC: 0000001f SP: 00000ffb brz 22
A: 00000005 B: 00000009 PC: 00000020 SP: 00000ffb ldl 5
A: 00000041 B: 00000005 PC: 00000021 SP: 00000ffb ldnl 0
A: 00000002 B: 00000005 PC: 00000022 SP: 00000ffb ldc 0
A: 00000000 B: 00000002 PC: 00000023 SP: 00000ffb ldnl 1
A: 0000000b B: 00000002 PC: 00000024 SP: 00000ffb sub
A: fffffff7 B: 00000002 PC: 00000025 SP: 00000ffb brlz 1
A: fffffff7 B: 00000002 PC: 00000027 SP: 00000ffb ldl 5
A: 00000041 B: fffffff7 PC: 00000028 SP: 00000ffb ldnl 0
A: 00000002 B: fffffff7 PC: 00000029 SP: 00000ffb stl 0
A: fffffff7 B: fffffff7 PC: 0000002a SP: 00000ffb ldl 5
A: 00000041 B: fffffff7 PC: 0000002b SP: 00000ffb ldnl 1
A: 00000001 B: fffffff7 PC: 0000002c SP: 00000ffb ldl 5
A: 00000041 B: 00000001 PC: 0000002d SP: 00000ffb stnl 0
A: 00000041 B: 00000001 PC: 0000002e SP: 00000ffb ldl 0
A: 00000002 B: 00000041 PC: 0000002f SP: 00000ffb ldl 5
A: 00000041 B: 00000002 PC: 00000030 SP: 00000ffb stnl 1
A: 00000041 B: 00000002 PC: 00000031 SP: 00000ffb ldc 1
A: 00000001 B: 00000041 PC: 00000032 SP: 00000ffb ldl 1
A: 00000004 B: 00000001 PC: 00000033 SP: 00000ffb add
A: 00000005 B: 00000001 PC: 00000034 SP: 00000ffb stl 1
A: 00000001 B: 00000001 PC: 00000035 SP: 00000ffb br -28
A: 00000001 B: 00000001 PC: 0000001a SP: 00000ffb ldl 4
A: 0000000a B: 00000001 PC: 0000001b SP: 00000ffb ldl 2
A: 00000001 B: 0000000a PC: 0000001c SP: 00000ffb sub
A: 00000009 B: 0000000a PC: 0000001d SP: 00000ffb ldl 1
A: 00000005 B: 00000009 PC: 0000001e SP: 00000ffb sub
A: 00000004 B: 00000009 PC: 0000001f SP: 00000ffb brz 22
A: 00000004 B: 00000009 PC: 00000020 SP: 00000ffb ldl 5
A: 00000041 B: 00000004 PC: 00000021 SP: 00000ffb ldnl 0
A: 00000001 B: 00000004 PC: 00000022 SP: 00000ffb ldc 0
A: 00000000 B: 00000001 PC: 00000023 SP: 00000ffb ldnl 1
A: 0000000b B: 00000001 PC: 00000024 SP: 00000ffb sub
A: fffffff6 B: 00000001 PC: 00000025 SP: 00000ffb brlz 1
A: fffffff6 B: 00000001 PC: 00000027 SP: 00000ffb ldl 5
A: 00000041 B: fffffff6 PC: 00000028 SP: 00000ffb ldnl 0
A: 00000001 B: fffffff6 PC: 00000029 SP: 00000ffb stl 0
A: fffffff6 B: fffffff6 PC: 0000002a SP: 00000ffb ldl 5
A: 00000041 B: fffffff6 PC: 0000002b SP: 00000ffb ldnl 1
A: 00000002 B: fffffff6 PC: 0000002c SP: 00000ffb ldl 5
A: 00000041 B: 00000002 PC: 0000002d SP: 00000ffb stnl 0
A: 00000041 B: 00000002 PC: 0000002e SP: 00000ffb ldl 0
A: 00000001 B: 00000041 PC: 0000002f SP: 00000ffb ldl 5
A: 00000041 B: 00000001 PC: 00000030 SP: 00000ffb stnl 1
A: 00000041 B: 00000001 PC: 00000031 SP: 00000ffb ldc 1
A: 00000001 B: 00000041 PC: 00000032 SP: 00000ffb ldl 1
A: 00000005 B: 00000001 PC: 00000033 SP: 00000ffb add
A: 00000006 B: 00000001 PC: 00000034 SP: 00000ffb stl 1
A: 00000001 B: 00000001 PC: 00000035 SP: 00000ffb br -28
A: 00000001 B: 00000001 PC: 0000001a SP: 00000ffb ldl 4
A: 0000000a B: 00000001 PC: 0000001b SP: 00000ffb ldl 2
A: 00000001 B: 0000000a PC: 0000001c SP: 00000ffb sub
A: 00000009 B: 0000000a PC: 0000001d SP: 00000ffb ldl 1
A: 00000006 B: 00000009 PC: 0000001e SP: 00000ffb sub
A: 00000003 B: 00000009 PC: 0000001f SP: 00000ffb brz 22
A: 00000003 B: 00000009 PC: 00000020 SP: 00000ffb ldl 5
A: 00000041 B: 00000003 PC: 00000021 SP: 00000ffb ldnl 0
A: 00000002 B: 00000003 PC: 00000022 SP: 00000ffb ldc 0
A: 00000000 B: 00000002 PC: 00000023 SP: 00000ffb ldnl 1
A: 0000000b B: 00000002 PC: 00000024 SP: 00000ffb sub
A: fffffff7 B: 00000002 PC: 00000025 SP: 00000ffb brlz 1
A: fffffff7 B: 00000002 PC: 00000027 SP: 00000ffb ldl 5
A: 00000041 B: fffffff7 PC: 00000028 SP: 00000ffb ldnl 0
A: 00000002 B: fffffff7 PC: 00000029 SP: 00000ffb stl 0
A: fffffff7 B: fffffff7 PC: 0000002a SP: 00000ffb ldl 5
A: 00000041 B: fffffff7 PC: 0000002b SP: 00000ffb ldnl 1
A: 00000001 B: fffffff7 PC: 0000002c SP: 00000ffb ldl 5
A: 00000041 B: 00000001 PC: 0000002d SP: 00000ffb stnl 0
A: 00000041 B: 00000001 PC: 0000002e SP: 00000ffb ldl 0
A: 00000002 B: 00000041 PC: 0000002f SP: 00000ffb ldl 5
A: 00000041 B: 00000002 PC: 00000030 SP: 00000ffb stnl 1
A: 00000041 B: 00000002 PC: 00000031 SP: 00000ffb ldc 1
A: 00000001 B: 00000041 PC: 00000032 SP: 00000ffb ldl 1
A: 00000006 B: 00000001 PC: 00000033 SP: 00000ffb add
A: 00000007 B: 00000001 PC: 00000034 SP: 00000ffb stl 1
A: 00000001 B: 00000001 PC: 00000035 SP: 00000ffb br -28
A: 00000001 B: 00000001 PC: 0000001a SP: 00000ffb ldl 4
A: 0000000a B: 00000001 PC: 0000001b SP: 00000ffb ldl 2
A: 00000001 B: 0000000a PC: 0000001c SP: 00000ffb sub
A: 00000009 B: 0000000a PC: 0000001d SP: 00000ffb ldl 1
A: 00000007 B: 00000009 PC: 0000001e SP: 00000ffb sub
A: 00000002 B: 00000009 PC: 0000001f SP: 00000ffb brz 22
A: 00000002 B: 00000009 PC: 00000020 SP: 00000ffb ldl 5
A: 00000041 B: 00000002 PC: 00000021 SP: 00000ffb ldnl 0
A: 00000001 B: 00000002 PC: 00000022 SP: 00000ffb ldc 0
A: 00000000 B: 00000001 PC: 00000023 SP: 00000ffb ldnl 1
A: 0000000b B: 00000001 PC: 00000024 SP: 00000ffb sub
A: fffffff6 B: 00000001 PC: 00000025 SP: 00000ffb brlz 1
A: fffffff6 B: 00000001 PC: 00000027 SP: 00000ffb ldl 5
A: 00000041 B: fffffff6 PC: 00000028 SP: 00000ffb ldnl 0
A: 00000001 B: fffffff6 PC: 00000029 SP: 00000ffb stl 0
A: fffffff6 B: fffffff6 PC: 0000002a SP: 00000ffb ldl 5
A: 00000041 B: fffffff6 PC: 0000002b SP: 00000ffb ldnl 1
A: 00000002 B: fffffff6 PC: 0000002c SP: 00000ffb ldl 5
A: 00000041 B: 00000002 PC: 0000002d SP: 00000ffb stnl 0
A: 00000041 B: 00000002 PC: 0000002e SP: 00000ffb ldl 0
A: 00000001 B: 00000041 PC: 0000002f SP: 00000ffb ldl 5
A: 00000041 B: 00000001 PC: 00000030 SP: 00000ffb stnl 1
A: 00000041 B: 00000001 PC: 00000031 SP: 00000ffb ldc 1
A: 00000001 B: 00000041 PC: 00000032 SP: 00000ffb ldl 1
A: 00000007 B: 00000001 PC: 00000033 SP: 00000ffb add
A: 00000008 B: 00000001 PC: 00000034 SP: 00000ffb stl 1
A: 00000001 B: 00000001 PC: 00000035 SP: 00000ffb br -28
A: 00000001 B: 00000001 PC: 0000001a SP: 00000ffb ldl 4
A: 0000000a B: 00000001 PC: 0000001b SP: 00000ffb ldl 2
A: 00000001 B: 0000000a PC: 0000001c SP: 00000ffb sub
A: 00000009 B: 0000000a PC: 0000001d SP: 00000ffb ldl 1
A: 00000008 B: 00000009 PC: 0000001e SP: 00000ffb sub
A: 00000001 B: 00000009 PC: 0000001f SP: 00000ffb brz 22
A: 00000001 B: 00000009 PC: 00000020 SP: 00000ffb ldl 5
A: 00000041 B: 00000001 PC: 00000021 SP: 00000ffb ldnl 0
A: 00000002 B: 00000001 PC: 00000022 SP: 00000ffb ldc 0
A: 00000000 B: 00000002 PC: 00000023 SP: 00000ffb ldnl 1
A: 0000000b B: 00000002 PC: 00000024 SP: 00000ffb sub
A: fffffff7 B: 00000002 PC: 00000025 SP: 00000ffb brlz 1
A: fffffff7 B: 00000002 PC: 00000027 SP: 00000ffb ldl 5
A: 00000041 B: fffffff7 PC: 00000028 SP: 00000ffb ldnl 0
A: 00000002 B: fffffff7 PC: 00000029 SP: 00000ffb stl 0
A: fffffff7 B: fffffff7 PC: 0000002a SP: 00000ffb ldl 5
A: 00000041 B: fffffff7 PC: 0000002b SP: 00000ffb ldnl 1
A: 00000001 B: fffffff7 PC: 0000002c SP: 00000ffb ldl 5
A: 00000041 B: 00000001 PC: 0000002d SP: 00000ffb stnl 0
A: 00000041 B: 00000001 PC: 0000002e SP: 00000ffb ldl 0
A: 00000002 B: 00000041 PC: 0000002f SP: 00000ffb ldl 5
A: 00000041 B: 00000002 PC: 00000030 SP: 00000ffb stnl 1
A: 00000041 B: 00000002 PC: 00000031 SP: 00000ffb ldc 1
A: 00000001 B: 00000041 PC: 00000032 SP: 00000ffb ldl 1
A: 00000008 B: 00000001 PC: 00000033 SP: 00000ffb add
A: 00000009 B: 00000001 PC: 00000034 SP: 00000ffb stl 1
A: 00000001 B: 00000001 PC: 00000035 SP: 00000ffb br -28
A: 00000001 B: 00000001 PC: 0000001a SP: 00000ffb ldl 4
A: 0000000a B: 00000001 PC: 0000001b SP: 00000ffb ldl 2
A: 00000001 B: 0000000a PC: 0000001c SP: 00000ffb sub
A: 00000009 B: 0000000a PC: 0000001d SP: 00000ffb ldl 1
A: 00000009 B: 00000009 PC: 0000001e SP: 00000ffb sub
A: 00000000 B: 00000009 PC: 0000001f SP: 00000ffb brz 22
A: 00000000 B: 00000009 PC: 00000036 SP: 00000ffb ldc 1
A: 00000001 B: 00000000 PC: 00000037 SP: 00000ffb ldl 2
A: 00000001 B: 00000001 PC: 00000038 SP: 00000ffb add
A: 00000002 B: 00000001 PC: 00000039 SP: 00000ffb stl 2
A: 00000001 B: 00000001 PC: 0000003a SP: 00000ffb ldc 1
A: 00000001 B: 00000001 PC: 0000003b SP: 00000ffb ldl 5
A: 00000041 B: 00000001 PC: 0000003c SP: 00000ffb add
A: 00000042 B: 00000001 PC: 0000003d SP: 00000ffb br -44
A: 00000042 B: 00000001 PC: 00000012 SP: 00000ffb ldl 4
A: 0000000a B: 00000042 PC: 00000013 SP: 00000ffb ldl 2
A: 00000002 B: 0000000a PC: 00000014 SP: 00000ffb sub
A: 00000008 B: 0000000a PC: 00000015 SP: 00000ffb ldc 1
A: 00000001 B: 00000008 PC: 00000016 SP: 00000ffb sub
A: 00000007 B: 00000008 PC: 00000017 SP: 00000ffb brz 38
A: 00000007 B: 00000008 PC: 00000018 SP: 00000ffb ldc 1
A: 00000001 B: 00000007 PC: 00000019 SP: 00000ffb stl 1
A: 00000007 B: 00000007 PC: 0000001a SP: 00000ffb ldl 4
A: 0000000a B: 00000007 PC: 0000001b SP: 00000ffb ldl 2
A: 00000002 B: 0000000a PC: 0000001c SP: 00000ffb sub
A: 00000008 B: 0000000a PC: 0000001d SP: 00000ffb ldl 1
A: 00000001 B: 00000008 PC: 0000001e SP: 00000ffb sub
A: 00000007 B: 00000008 PC: 0000001f SP: 00000ffb brz 22
A: 00000007 B: 00000008 PC: 00000020 SP: 00000ffb ldl 5
A: 00000041 B: 00000007 PC: 00000021 SP: 00000ffb ldnl 0
A: 00000001 B: 00000007 PC: 00000022 SP: 00000ffb ldc 0
A: 00000000 B: 00000001 PC: 00000023 SP: 00000ffb ldnl 1
A: 0000000b B: 00000001 PC: 00000024 SP: 00000ffb sub
A: fffffff6 B: 00000001 PC: 00000025 SP: 00000ffb brlz 1
A: fffffff6 B: 00000001 PC: 00000027 SP: 00000ffb ldl 5
A: 00000041 B: fffffff6 PC: 00000028 SP: 00000ffb ldnl 0
A: 00000001 B: fffffff6 PC: 00000029 SP: 00000ffb stl 0
A: fffffff6 B: fffffff6 PC: 0000002a SP: 00000ffb ldl 5
A: 00000041 B: fffffff6 PC: 0000002b SP: 00000ffb ldnl 1
A: 00000002 B: fffffff6 PC: 0000002c SP: 00000ffb ldl 5
A: 00000041 B: 00000002 PC: 0000002d SP: 00000ffb stnl 0
A: 00000041 B: 00000002 PC: 0000002e SP: 00000ffb ldl 0
A: 00000001 B: 00000041 PC: 0000002f SP: 00000ffb ldl 5
A: 00000041 B: 00000001 PC: 00000030 SP: 00000ffb stnl 1
A: 00000041 B: 00000001 PC: 00000031 SP: 00000ffb ldc 1
A: 00000001 B: 00000041 PC: 00000032 SP: 00000ffb ldl 1
A: 00000001 B: 00000001 PC: 00000033 SP: 00000ffb add
A: 00000002 B: 00000001 PC: 00000034 SP: 00000ffb stl 1
A: 00000001 B: 00000001 PC: 00000035 SP: 00000ffb br -28
A: 00000001 B: 00000001 PC: 0000001a SP: 00000ffb ldl 4
A: 0000000a B: 00000001 PC: 0000001b SP: 00000ffb ldl 2
A: 00000002 B: 0000000a PC: 0000001c SP: 00000ffb sub
A: 00000008 B: 0000000a PC: 0000001d SP: 00000ffb ldl 1
A: 00000002 B: 00000008 PC: 0000001e SP: 00000ffb sub
A: 00000006 B: 00000008 PC: 0000001f SP: 00000ffb brz 22
A: 00000006 B: 00000008 PC: 00000020 SP: 00000ffb ldl 5
A: 00000041 B: 00000006 PC: 00000021 SP: 00000ffb ldnl 0
A: 00000002 B: 00000006 PC: 00000022 SP: 00000ffb ldc 0
A: 00000000 B: 00000002 PC: 00000023 SP: 00000ffb ldnl 1
A: 0000000b B: 00000002 PC: 00000024 SP: 00000ffb sub
A: fffffff7 B: 00000002 PC: 00000025 SP: 00000ffb brlz 1
A: fffffff7 B: 00000002 PC: 00000027 SP: 00000ffb ldl 5
A: 00000041 B: fffffff7 PC: 00000028 SP: 00000ffb ldnl 0
A: 00000002 B: fffffff7 PC: 00000029 SP: 00000ffb stl 0
A: fffffff7 B: fffffff7 PC: 0000002a SP: 00000ffb ldl 5
A: 00000041 B: fffffff7 PC: 0000002b SP: 00000ffb ldnl 1
A: 00000001 B: fffffff7 PC: 0000002c SP: 00000ffb ldl 5
A: 00000041 B: 00000001 PC: 0000002d SP: 00000ffb stnl 0
A: 00000041 B: 00000001 PC: 0000002e SP: 00000ffb ldl 0
A: 00000002 B: 00000041 PC: 0000002f SP: 00000ffb ldl 5
A: 00000041 B: 00000002 PC: 00000030 SP: 00000ffb stnl 1
A: 00000041 B: 00000002 PC: 00000031 SP: 00000ffb ldc 1
A: 00000001 B: 00000041 PC: 00000032 SP: 00000ffb ldl 1
A: 00000002 B: 00000001 PC: 00000033 SP: 00000ffb add
A: 00000003 B: 00000001 PC: 00000034 SP: 00000ffb stl 1
A: 00000001 B: 00000001 PC: 00000035 SP: 00000ffb br -28
A: 00000001 B: 00000001 PC: 0000001a SP: 00000ffb ldl 4
A: 0000000a B: 00000001 PC: 0000001b SP: 00000ffb ldl 2
A: 00000002 B: 0000000a PC: 0000001c SP: 00000ffb sub
A: 00000008 B: 0000000a PC: 0000001d SP: 00000ffb ldl 1
A: 00000003 B: 00000008 PC: 0000001e SP: 00000ffb sub
A: 00000005 B: 00000008 PC: 0000001f SP: 00000ffb brz 22
A: 00000005 B: 00000008 PC: 00000020 SP: 00000ffb ldl 5
A: 00000041 B: 00000005 PC: 00000021 SP: 00000ffb ldnl 0
A: 00000001 B: 00000005 PC: 00000022 SP: 00000ffb ldc 0
A: 00000000 B: 00000001 PC: 00000023 SP: 00000ffb ldnl 1
A: 0000000b B: 00000001 PC: 00000024 SP: 00000ffb sub
A: fffffff6 B: 00000001 PC: 00000025 SP: 00000ffb brlz 1
A: fffffff6 B: 00000001 PC: 00000027 SP: 00000ffb ldl 5
A: 00000041 B: fffffff6 PC: 00000028 SP: 00000ffb ldnl 0
A: 00000001 B: fffffff6 PC: 00000029 SP: 00000ffb stl 0
A: fffffff6 B: fffffff6 PC: 0000002a SP: 00000ffb ldl 5
A: 00000041 B: fffffff6 PC: 0000002b SP: 00000ffb ldnl 1
A: 00000002 B: fffffff6 PC: 0000002c SP: 00000ffb ldl 5
A: 00000041 B: 00000002 PC: 0000002d SP: 00000ffb stnl 0
A: 00000041 B: 00000002 PC: 0000002e SP: 00000ffb ldl 0
A: 00000001 B: 00000041 PC: 0000002f SP: 00000ffb ldl 5
A: 00000041 B: 00000001 PC: 00000030 SP: 00000ffb stnl 1
A: 00000041 B: 00000001 PC: 00000031 SP: 00000ffb ldc 1
A: 00000001 B: 00000041 PC: 00000032 SP: 00000ffb ldl 1
A: 00000003 B: 00000001 PC: 00000033 SP: 00000ffb add
A: 00000004 B: 00000001 PC: 00000034 SP: 00000ffb stl 1
A: 00000001 B: 00000001 PC: 00000035 SP: 00000ffb br -28
A: 00000001 B: 00000001 PC: 0000001a SP: 00000ffb ldl 4
A: 0000000a B: 00000001 PC: 0000001b SP: 00000ffb ldl 2
A: 00000002 B: 0000000a PC: 0000001c SP: 00000ffb sub
A: 00000008 B: 0000000a PC: 0000001d SP: 00000ffb ldl 1
A: 00000004 B: 00000008 PC: 0000001e SP: 00000ffb sub
A: 00000004 B: 00000008 PC: 0000001f SP: 00000ffb brz 22
A: 00000004 B: 00000008 PC: 00000020 SP: 00000ffb ldl 5
A: 00000041 B: 00000004 PC: 00000021 SP: 00000ffb ldnl 0
A: 00000002 B: 00000004 PC: 00000022 SP: 00000ffb ldc 0
A: 00000000 B: 00000002 PC: 00000023 SP: 00000ffb ldnl 1
A: 0000000b B: 00000002 PC: 00000024 SP: 00000ffb sub
A: fffffff7 B: 00000002 PC: 00000025 SP: 00000ffb brlz 1
A: fffffff7 B: 00000002 PC: 00000027 SP: 00000ffb ldl 5
A: 00000041 B: fffffff7 PC: 00000028 SP: 00000ffb ldnl 0
A: 00000002 B: fffffff7 PC: 00000029 SP: 00000ffb stl 0
A: fffffff7 B: fffffff7 PC: 0000002a SP: 00000ffb ldl 5
A: 00000041 B: fffffff7 PC: 0000002b SP: 00000ffb ldnl 1
A: 00000001 B: fffffff7 PC: 0000002c SP: 00000ffb ldl 5
A: 00000041 B: 00000001 PC: 0000002d SP: 00000ffb stnl 0
A: 00000041 B: 00000001 PC: 0000002e SP: 00000ffb ldl 0
A: 00000002 B: 00000041 PC: 0000002f SP: 00000ffb ldl 5
A: 00000041 B: 00000002 PC: 00000030 SP: 00000ffb stnl 1
A: 00000041 B: 00000002 PC: 00000031 SP: 00000ffb ldc 1
A: 00000001 B: 00000041 PC: 00000032 SP: 00000ffb ldl 1
A: 00000004 B: 00000001 PC: 00000033 SP: 00000ffb add
A: 00000005 B: 00000001 PC: 00000034 SP: 00000ffb stl 1
A: 00000001 B: 00000001 PC: 00000035 SP: 00000ffb br -28
A: 00000001 B: 00000001 PC: 0000001a SP: 00000ffb ldl 4
A: 0000000a B: 00000001 PC: 0000001b SP: 00000ffb ldl 2
A: 00000002 B: 0000000a PC: 0000001c SP: 00000ffb sub
A: 00000008 B: 0000000a PC: 0000001d SP: 00000ffb ldl 1
A: 00000005 B: 00000008 PC: 0000001e SP: 00000ffb sub
A: 00000003 B: 00000008 PC: 0000001f SP: 00000ffb brz 22
A: 00000003 B: 00000008 PC: 00000020 SP: 00000ffb ldl 5
A: 00000041 B: 00000003 PC: 00000021 SP: 00000ffb ldnl 0
A: 00000001 B: 00000003 PC: 00000022 SP: 00000ffb ldc 0
A: 00000000 B: 00000001 PC: 00000023 SP: 00000ffb ldnl 1
A: 0000000b B: 00000001 PC: 00000024 SP: 00000ffb sub
A: fffffff6 B: 00000001 PC: 00000025 SP: 00000ffb brlz 1
A: fffffff6 B: 00000001 PC: 00000027 SP: 00000ffb ldl 5
A: 00000041 B: fffffff6 PC: 00000028 SP: 00000ffb ldnl 0
A: 00000001 B: fffffff6 PC: 00000029 SP: 00000ffb stl 0
A: fffffff6 B: fffffff6 PC: 0000002a SP: 00000ffb ldl 5
A: 00000041 B: fffffff6 PC: 0000002b SP: 00000ffb ldnl 1
A: 00000002 B: fffffff6 PC: 0000002c SP: 00000ffb ldl 5
A: 00000041 B: 00000002 PC: 0000002d SP: 00000ffb stnl 0
A: 00000041 B: 00000002 PC: 0000002e SP: 00000ffb ldl 0
A: 00000001 B: 00000041 PC: 0000002f SP: 00000ffb ldl 5
A: 00000041 B: 00000001 PC: 00000030 SP: 00000ffb stnl 1
A: 00000041 B: 00000001 PC: 00000031 SP: 00000ffb ldc 1
A: 00000001 B: 00000041 PC: 00000032 SP: 00000ffb ldl 1
A: 00000005 B: 00000001 PC: 00000033 SP: 00000ffb add
A: 00000006 B: 00000001 PC: 00000034 SP: 00000ffb stl 1
A: 00000001 B: 00000001 PC: 00000035 SP: 00000ffb br -28
A: 00000001 B: 00000001 PC: 0000001a SP: 00000ffb ldl 4
A: 0000000a B: 00000001 PC: 0000001b SP: 00000ffb ldl 2
A: 00000002 B: 0000000a PC: 0000001c SP: 00000ffb sub
A: 00000008 B: 0000000a PC: 0000001d SP: 00000ffb ldl 1
A: 00000006 B: 00000008 PC: 0000001e SP: 00000ffb sub
A: 00000002 B: 00000008 PC: 0000001f SP: 00000ffb brz 22
A: 00000002 B: 00000008 PC: 00000020 SP: 00000ffb ldl 5
A: 00000041 B: 00000002 PC: 00000021 SP: 00000ffb ldnl 0
A: 00000002 B: 00000002 PC: 00000022 SP: 00000ffb ldc 0
A: 00000000 B: 00000002 PC: 00000023 SP: 00000ffb ldnl 1
A: 0000000b B: 00000002 PC: 00000024 SP: 00000ffb sub
A: fffffff7 B: 00000002 PC: 00000025 SP: 00000ffb brlz 1
A: fffffff7 B: 00000002 PC: 00000027 SP: 00000ffb ldl 5
A: 00000041 B: fffffff7 PC: 00000028 SP: 00000ffb ldnl 0
A: 00000002 B: fffffff7 PC: 00000029 SP: 00000ffb stl 0
A: fffffff7 B: fffffff7 PC: 0000002a SP: 00000ffb ldl 5
A: 00000041 B: fffffff7 PC: 0000002b SP: 00000ffb ldnl 1
A: 00000001 B: fffffff7 PC: 0000002c SP: 00000ffb ldl 5
A: 00000041 B: 00000001 PC: 0000002d SP: 00000ffb stnl 0
A: 00000041 B: 00000001 PC: 0000002e SP: 00000ffb ldl 0
A: 00000002 B: 00000041 PC: 0000002f SP: 00000ffb ldl 5
A: 00000041 B: 00000002 PC: 00000030 SP: 00000ffb stnl 1
A: 00000041 B: 00000002 PC: 00000031 SP: 00000ffb ldc 1
A: 00000001 B: 00000041 PC: 00000032 SP: 00000ffb ldl 1
A: 00000006 B: 00000001 PC: 00000033 SP: 00000ffb add
A: 00000007 B: 00000001 PC: 00000034 SP: 00000ffb stl 1
A: 00000001 B: 00000001 PC: 00000035 SP: 00000ffb br -28
A: 00000001 B: 00000001 PC: 0000001a SP: 00000ffb ldl 4
A: 0000000a B: 00000001 PC: 0000001b SP: 00000ffb ldl 2
A: 00000002 B: 0000000a PC: 0000001c SP: 00000ffb sub
A: 00000008 B: 0000000a PC: 0000001d SP: 00000ffb ldl 1
A: 00000007 B: 00000008 PC: 0000001e SP: 00000ffb sub
A: 00000001 B: 00000008 PC: 0000001f SP: 00000ffb brz 22
A: 00000001 B: 00000008 PC: 00000020 SP: 00000ffb ldl 5
A: 00000041 B: 00000001 PC: 00000021 SP: 00000ffb ldnl 0
A: 00000001 B: 00000001 PC: 00000022 SP: 00000ffb ldc 0
A: 00000000 B: 00000001 PC: 00000023 SP: 00000ffb ldnl 1
A: 0000000b B: 00000001 PC: 00000024 SP: 00000ffb sub
A: fffffff6 B: 00000001 PC: 00000025 SP: 00000ffb brlz 1
A: fffffff6 B: 00000001 PC: 00000027 SP: 00000ffb ldl 5
A: 00000041 B: fffffff6 PC: 00000028 SP: 00000ffb ldnl 0
A: 00000001 B: fffffff6 PC: 00000029 SP: 00000ffb stl 0
A: fffffff6 B: fffffff6 PC: 0000002a SP: 00000ffb ldl 5
A: 00000041 B: fffffff6 PC: 0000002b SP: 00000ffb ldnl 1
A: 00000002 B: fffffff6 PC: 0000002c SP: 00000ffb ldl 5
A: 00000041 B: 00000002 PC: 0000002d SP: 00000ffb stnl 0
A: 00000041 B: 00000002 PC: 0000002e SP: 00000ffb ldl 0
A: 00000001 B: 00000041 PC: 0000002f SP: 00000ffb ldl 5
A: 00000041 B: 00000001 PC: 00000030 SP: 00000ffb stnl 1
A: 00000041 B: 00000001 PC: 00000031 SP: 00000ffb ldc 1
A: 00000001 B: 00000041 PC: 00000032 SP: 00000ffb ldl 1
A: 00000007 B: 00000001 PC: 00000033 SP: 00000ffb add
A: 00000008 B: 00000001 PC: 00000034 SP: 00000ffb stl 1
A: 00000001 B: 00000001 PC: 00000035 SP: 00000ffb br -28
A: 00000001 B: 00000001 PC: 0000001a SP: 00000ffb ldl 4
A: 0000000a B: 00000001 PC: 0000001b SP: 00000ffb ldl 2
A: 00000002 B: 0000000a PC: 0000001c SP: 00000ffb sub
A: 00000008 B: 0000000a PC: 0000001d SP: 00000ffb ldl 1
A: 00000008 B: 00000008 PC: 0000001e SP: 00000ffb sub
A: 00000000 B: 00000008 PC: 0000001f SP: 00000ffb brz 22
A: 00000000 B: 00000008 PC: 00000036 SP: 00000ffb ldc 1
A: 00000001 B: 00000000 PC: 00000037 SP: 00000ffb ldl 2
A: 00000002 B: 00000001 PC: 00000038 SP: 00000ffb add
A: 00000003 B: 00000001 PC: 00000039 SP: 00000ffb stl 2
A: 00000001 B: 00000001 PC: 0000003a SP: 00000ffb ldc 1
A: 00000001 B: 00000001 PC: 0000003b SP: 00000ffb ldl 5
A: 00000041 B: 00000001 PC: 0000003c SP: 00000ffb add
A: 00000042 B: 00000001 PC: 0000003d SP: 00000ffb br -44
A: 00000042 B: 00000001 PC: 00000012 SP: 00000ffb ldl 4
A: 0000000a B: 00000042 PC: 00000013 SP: 00000ffb ldl 2
A: 00000003 B: 0000000a PC: 00000014 SP: 00000ffb sub
A: 00000007 B: 0000000a PC: 00000015 SP: 00000ffb ldc 1
A: 00000001 B: 00000007 PC: 00000016 SP: 00000ffb sub
A: 00000006 B: 00000007 PC: 00000017 SP: 00000ffb brz 38
A: 00000006 B: 00000007 PC: 00000018 SP: 00000ffb ldc 1
A: 00000001 B: 00000006 PC: 00000019 SP: 00000ffb stl 1
A: 00000006 B: 00000006 PC: 0000001a SP: 00000ffb ldl 4
A: 0000000a B: 00000006 PC: 0000001b SP: 00000ffb ldl 2
A: 00000003 B: 0000000a PC: 0000001c SP: 00000ffb sub
A: 00000007 B: 0000000a PC: 0000001d SP: 00000ffb ldl 1
A: 00000001 B: 00000007 PC: 0000001e SP: 00000ffb sub
A: 00000006 B: 00000007 PC: 0000001f SP: 00000ffb brz 22
A: 00000006 B: 00000007 PC: 00000020 SP: 00000ffb ldl 5
A: 00000041 B: 00000006 PC: 00000021 SP: 00000ffb ldnl 0
A: 00000002 B: 00000006 PC: 00000022 SP: 00000ffb ldc 0
A: 00000000 B: 00000002 PC: 00000023 SP: 00000ffb ldnl 1
A: 0000000b B: 00000002 PC: 00000024 SP: 00000ffb sub
A: fffffff7 B: 00000002 PC: 00000025 SP: 00000ffb brlz 1
A: fffffff7 B: 00000002 PC: 00000027 SP: 00000ffb ldl 5
A: 00000041 B: fffffff7 PC: 00000028 SP: 00000ffb ldnl 0
A: 00000002 B: fffffff7 PC: 00000029 SP: 00000ffb stl 0
A: fffffff7 B: fffffff7 PC: 0000002a SP: 00000ffb ldl 5
A: 00000041 B: fffffff7 PC: 0000002b SP: 00000ffb ldnl 1
A: 00000001 B: fffffff7 PC: 0000002c SP: 00000ffb ldl 5
A: 00000041 B: 00000001 PC: 0000002d SP: 00000ffb stnl 0
A: 00000041 B: 00000001 PC: 0000002e SP: 00000ffb ldl 0
A: 00000002 B: 00000041 PC: 0000002f SP: 00000ffb ldl 5
A: 00000041 B: 00000002 PC: 00000030 SP: 00000ffb stnl 1
A: 00000041 B: 00000002 PC: 00000031 SP: 00000ffb ldc 1
A: 00000001 B: 00000041 PC: 00000032 SP: 00000ffb ldl 1
A: 00000001 B: 00000001 PC: 00000033 SP: 00000ffb add
A: 00000002 B: 00000001 PC: 00000034 SP: 00000ffb stl 1
A: 00000001 B: 00000001 PC: 00000035 SP: 00000ffb br -28
A: 00000001 B: 00000001 PC: 0000001a SP: 00000ffb ldl 4
A: 0000000a B: 00000001 PC: 0000001b SP: 00000ffb ldl 2
A: 00000003 B: 0000000a PC: 0000001c SP: 00000ffb sub
A: 00000007 B: 0000000a PC: 0000001d SP: 00000ffb ldl 1
A: 00000002 B: 00000007 PC: 0000001e SP: 00000ffb sub
A: 00000005 B: 00000007 PC: 0000001f SP: 00000ffb brz 22
A: 00000005 B: 00000007 PC: 00000020 SP: 00000ffb ldl 5
A: 00000041 B: 00000005 PC: 00000021 SP: 00000ffb ldnl 0
A: 00000001 B: 00000005 PC: 00000022 SP: 00000ffb ldc 0
A: 00000000 B: 00000001 PC: 00000023 SP: 00000ffb ldnl 1
A: 0000000b B: 00000001 PC: 00000024 SP: 00000ffb sub
A: fffffff6 B: 00000001 PC: 00000025 SP: 00000ffb brlz 1
A: fffffff6 B: 00000001 PC: 00000027 SP: 00000ffb ldl 5
A: 00000041 B: fffffff6 PC: 00000028 SP: 00000ffb ldnl 0
A: 00000001 B: fffffff6 PC: 00000029 SP: 00000ffb stl 0
A: fffffff6 B: fffffff6 PC: 0000002a SP: 00000ffb ldl 5
A: 00000041 B: fffffff6 PC: 0000002b SP: 00000ffb ldnl 1
A: 00000002 B: fffffff6 PC: 0000002c SP: 00000ffb ldl 5
A: 00000041 B: 00000002 PC: 0000002d SP: 00000ffb stnl 0
A: 00000041 B: 00000002 PC: 0000002e SP: 00000ffb ldl 0
A: 00000001 B: 00000041 PC: 0000002f SP: 00000ffb ldl 5
A: 00000041 B: 00000001 PC: 00000030 SP: 00000ffb stnl 1
A: 00000041 B: 00000001 PC: 00000031 SP: 00000ffb ldc 1
A: 00000001 B: 00000041 PC: 00000032 SP: 00000ffb ldl 1
A: 00000002 B: 00000001 PC: 00000033 SP: 00000ffb add
A: 00000003 B: 00000001 PC: 00000034 SP: 00000ffb stl 1
A: 00000001 B: 00000001 PC: 00000035 SP: 00000ffb br -28
A: 00000001 B: 00000001 PC: 0000001a SP: 00000ffb ldl 4
A: 0000000a B: 00000001 PC: 0000001b SP: 00000ffb ldl 2
A: 00000003 B: 0000000a PC: 0000001c SP: 00000ffb sub
A: 00000007 B: 0000000a PC: 0000001d SP: 00000ffb ldl 1
A: 00000003 B: 00000007 PC: 0000001e SP: 00000ffb sub
A: 00000004 B: 00000007 PC: 0000001f SP: 00000ffb brz 22
A: 00000004 B: 00000007 PC: 00000020 SP: 00000ffb ldl 5
A: 00000041 B: 00000004 PC: 00000021 SP: 00000ffb ldnl 0
A: 00000002 B: 00000004 PC: 00000022 SP: 00000ffb ldc 0
A: 00000000 B: 00000002 PC: 00000023 SP: 00000ffb ldnl 1
A: 0000000b B: 00000002 PC: 00000024 SP: 00000ffb sub
A: fffffff7 B: 00000002 PC: 00000025 SP: 00000ffb brlz 1
A: fffffff7 B: 00000002 PC: 00000027 SP: 00000ffb ldl 5
A: 00000041 B: fffffff7 PC: 00000028 SP: 00000ffb ldnl 0
A: 00000002 B: fffffff7 PC: 00000029 SP: 00000ffb stl 0
A: fffffff7 B: fffffff7 PC: 0000002a SP: 00000ffb ldl 5
A: 00000041 B: fffffff7 PC: 0000002b SP: 00000ffb ldnl 1
A: 00000001 B: fffffff7 PC: 0000002c SP: 00000ffb ldl 5
A: 00000041 B: 00000001 PC: 0000002d SP: 00000ffb stnl 0
A: 00000041 B: 00000001 PC: 0000002e SP: 00000ffb ldl 0
A: 00000002 B: 00000041 PC: 0000002f SP: 00000ffb ldl 5
A: 00000041 B: 00000002 PC: 00000030 SP: 00000ffb stnl 1
A: 00000041 B: 00000002 PC: 00000031 SP: 00000ffb ldc 1
A: 00000001 B: 00000041 PC: 00000032 SP: 00000ffb ldl 1
A: 00000003 B: 00000001 PC: 00000033 SP: 00000ffb add
A: 00000004 B: 00000001 PC: 00000034 SP: 00000ffb stl 1
A: 00000001 B: 00000001 PC: 00000035 SP: 00000ffb br -28
A: 00000001 B: 00000001 PC: 0000001a SP: 00000ffb ldl 4
A: 0000000a B: 00000001 PC: 0000001b SP: 00000ffb ldl 2
A: 00000003 B: 0000000a PC: 0000001c SP: 00000ffb sub
A: 00000007 B: 0000000a PC: 0000001d SP: 00000ffb ldl 1
A: 00000004 B: 00000007 PC: 0000001e SP: 00000ffb sub
A: 00000003 B: 00000007 PC: 0000001f SP: 00000ffb brz 22
A: 00000003 B: 00000007 PC: 00000020 SP: 00000ffb ldl 5
A: 00000041 B: 00000003 PC: 00000021 SP: 00000ffb ldnl 0
A: 00000001 B: 00000003 PC: 00000022 SP: 00000ffb ldc 0
A: 00000000 B: 00000001 PC: 00000023 SP: 00000ffb ldnl 1
A: 0000000b B: 00000001 PC: 00000024 SP: 00000ffb sub
A: fffffff6 B: 00000001 PC: 00000025 SP: 00000ffb brlz 1
A: fffffff6 B: 00000001 PC: 00000027 SP: 00000ffb ldl 5
A: 00000041 B: fffffff6 PC: 00000028 SP: 00000ffb ldnl 0
A: 00000001 B: fffffff6 PC: 00000029 SP: 00000ffb stl 0
A: fffffff6 B: fffffff6 PC: 0000002a SP: 00000ffb ldl 5
A: 00000041 B: fffffff6 PC: 0000002b SP: 00000ffb ldnl 1
A: 00000002 B: fffffff6 PC: 0000002c SP: 00000ffb ldl 5
A: 00000041 B: 00000002 PC: 0000002d SP: 00000ffb stnl 0
A: 00000041 B: 00000002 PC: 0000002e SP: 00000ffb ldl 0
A: 00000001 B: 00000041 PC: 0000002f SP: 00000ffb ldl 5
A: 00000041 B: 00000001 PC: 00000030 SP: 00000ffb stnl 1
A: 00000041 B: 00000001 PC: 00000031 SP: 00000ffb ldc 1
A: 00000001 B: 00000041 PC: 00000032 SP: 00000ffb ldl 1
A: 00000004 B: 00000001 PC: 00000033 SP: 00000ffb add
A: 00000005 B: 00000001 PC: 00000034 SP: 00000ffb stl 1
A: 00000001 B: 00000001 PC: 00000035 SP: 00000ffb br -28
A: 00000001 B: 00000001 PC: 0000001a SP: 00000ffb ldl 4
A: 0000000a B: 00000001 PC: 0000001b SP: 00000ffb ldl 2
A: 00000003 B: 0000000a PC: 0000001c SP: 00000ffb sub
A: 00000007 B: 0000000a PC: 0000001d SP: 00000ffb ldl 1
A: 00000005 B: 00000007 PC: 0000001e SP: 00000ffb sub
A: 00000002 B: 00000007 PC: 0000001f SP: 00000ffb brz 22
A: 00000002 B: 00000007 PC: 00000020 SP: 00000ffb ldl 5
A: 00000041 B: 00000002 PC: 00000021 SP: 00000ffb ldnl 0
A: 00000002 B: 00000002 PC: 00000022 SP: 00000ffb ldc 0
A: 00000000 B: 00000002 PC: 00000023 SP: 00000ffb ldnl 1
A: 0000000b B: 00000002 PC: 00000024 SP: 00000ffb sub
A: fffffff7 B: 00000002 PC: 00000025 SP: 00000ffb brlz 1
A: fffffff7 B: 00000002 PC: 00000027 SP: 00000ffb ldl 5
A: 00000041 B: fffffff7 PC: 00000028 SP: 00000ffb ldnl 0
A: 00000002 B: fffffff7 PC: 00000029 SP: 00000ffb stl 0
A: fffffff7 B: fffffff7 PC: 0000002a SP: 00000ffb ldl 5
A: 00000041 B: fffffff7 PC: 0000002b SP: 00000ffb ldnl 1
A: 00000001 B: fffffff7 PC: 0000002c SP: 00000ffb ldl 5
A: 00000041 B: 00000001 PC: 0000002d SP: 00000ffb stnl 0
A: 00000041 B: 00000001 PC: 0000002e SP: 00000ffb ldl 0
A: 00000002 B: 00000041 PC: 0000002f SP: 00000ffb ldl 5
A: 00000041 B: 00000002 PC: 00000030 SP: 00000ffb stnl 1
A: 00000041 B: 00000002 PC: 00000031 SP: 00000ffb ldc 1
A: 00000001 B: 00000041 PC: 00000032 SP: 00000ffb ldl 1
A: 00000005 B: 00000001 PC: 00000033 SP: 00000ffb add
A: 00000006 B: 00000001 PC: 00000034 SP: 00000ffb stl 1
A: 00000001 B: 00000001 PC: 00000035 SP: 00000ffb br -28
A: 00000001 B: 00000001 PC: 0000001a SP: 00000ffb ldl 4
A: 0000000a B: 00000001 PC: 0000001b SP: 00000ffb ldl 2
A: 00000003 B: 0000000a PC: 0000001c SP: 00000ffb sub
A: 00000007 B: 0000000a PC: 0000001d SP: 00000ffb ldl 1
A: 00000006 B: 00000007 PC: 0000001e SP: 00000ffb sub
A: 00000001 B: 00000007 PC: 0000001f SP: 00000ffb brz 22
A: 00000001 B: 00000007 PC: 00000020 SP: 00000ffb ldl 5
A: 00000041 B: 00000001 PC: 00000021 SP: 00000ffb ldnl 0
A: 00000001 B: 00000001 PC: 00000022 SP: 00000ffb ldc 0
A: 00000000 B: 00000001 PC: 00000023 SP: 00000ffb ldnl 1
A: 0000000b B: 00000001 PC: 00000024 SP: 00000ffb sub
A: fffffff6 B: 00000001 PC: 00000025 SP: 00000ffb brlz 1
A: fffffff6 B: 00000001 PC: 00000027 SP: 00000ffb ldl 5
A: 00000041 B: fffffff6 PC: 00000028 SP: 00000ffb ldnl 0
A: 00000001 B: fffffff6 PC: 00000029 SP: 00000ffb stl 0
A: fffffff6 B: fffffff6 PC: 0000002a SP: 00000ffb ldl 5
A: 00000041 B: fffffff6 PC: 0000002b SP: 00000ffb ldnl 1
A: 00000002 B: fffffff6 PC: 0000002c SP: 00000ffb ldl 5
A: 00000041 B: 00000002 PC: 0000002d SP: 00000ffb stnl 0
A: 00000041 B: 00000002 PC: 0000002e SP: 00000ffb ldl 0
A: 00000001 B: 00000041 PC: 0000002f SP: 00000ffb ldl 5
A: 00000041 B: 00000001 PC: 00000030 SP: 00000ffb stnl 1
A: 00000041 B: 00000001 PC: 00000031 SP: 00000ffb ldc 1
A: 00000001 B: 00000041 PC: 00000032 SP: 00000ffb ldl 1
A: 00000006 B: 00000001 PC: 00000033 SP: 00000ffb add
A: 00000007 B: 00000001 PC: 00000034 SP: 00000ffb stl 1
A: 00000001 B: 00000001 PC: 00000035 SP: 00000ffb br -28
A: 00000001 B: 00000001 PC: 0000001a SP: 00000ffb ldl 4
A: 0000000a B: 00000001 PC: 0000001b SP: 00000ffb ldl 2
A: 00000003 B: 0000000a PC: 0000001c SP: 00000ffb sub
A: 00000007 B: 0000000a PC: 0000001d SP: 00000ffb ldl 1
A: 00000007 B: 00000007 PC: 0000001e SP: 00000ffb sub
A: 00000000 B: 00000007 PC: 0000001f SP: 00000ffb brz 22
A: 00000000 B: 00000007 PC: 00000036 SP: 00000ffb ldc 1
A: 00000001 B: 00000000 PC: 00000037 SP: 00000ffb ldl 2
A: 00000003 B: 00000001 PC: 00000038 SP: 00000ffb add
A: 00000004 B: 00000001 PC: 00000039 SP: 00000ffb stl 2
A: 00000001 B: 00000001 PC: 0000003a SP: 00000ffb ldc 1
A: 00000001 B: 00000001 PC: 0000003b SP: 00000ffb ldl 5
A: 00000041 B: 00000001 PC: 0000003c SP: 00000ffb add
A: 00000042 B: 00000001 PC: 0000003d SP: 00000ffb br -44
A: 00000042 B: 00000001 PC: 00000012 SP: 00000ffb ldl 4
A: 0000000a B: 00000042 PC: 00000013 SP: 00000ffb ldl 2
A: 00000004 B: 0000000a PC: 00000014 SP: 00000ffb sub
A: 00000006 B: 0000000a PC: 00000015 SP: 00000ffb ldc 1
A: 00000001 B: 00000006 PC: 00000016 SP: 00000ffb sub
A: 00000005 B: 00000006 PC: 00000017 SP: 00000ffb brz 38
A: 00000005 B: 00000006 PC: 00000018 SP: 00000ffb ldc 1
A: 00000001 B: 00000005 PC: 00000019 SP: 00000ffb stl 1
A: 00000005 B: 00000005 PC: 0000001a SP: 00000ffb ldl 4
A: 0000000a B: 00000005 PC: 0000001b SP: 00000ffb ldl 2
A: 00000004 B: 0000000a PC: 0000001c SP: 00000ffb sub
A: 00000006 B: 0000000a PC: 0000001d SP: 00000ffb ldl 1
A: 00000001 B: 00000006 PC: 0000001e SP: 00000ffb sub
A: 00000005 B: 00000006 PC: 0000001f SP: 00000ffb brz 22
A: 00000005 B: 00000006 PC: 00000020 SP: 00000ffb ldl 5
A: 00000041 B: 00000005 PC: 00000021 SP: 00000ffb ldnl 0
A: 00000002 B: 00000005 PC: 00000022 SP: 00000ffb ldc 0
A: 00000000 B: 00000002 PC: 00000023 SP: 00000ffb ldnl 1
A: 0000000b B: 00000002 PC: 00000024 SP: 00000ffb sub
A: fffffff7 B: 00000002 PC: 00000025 SP: 00000ffb brlz 1
A: fffffff7 B: 00000002 PC: 00000027 SP: 00000ffb ldl 5
A: 00000041 B: fffffff7 PC: 00000028 SP: 00000ffb ldnl 0
A: 00000002 B: fffffff7 PC: 00000029 SP: 00000ffb stl 0
A: fffffff7 B: fffffff7 PC: 0000002a SP: 00000ffb ldl 5
A: 00000041 B: fffffff7 PC: 0000002b SP: 00000ffb ldnl 1
A: 00000001 B: fffffff7 PC: 0000002c SP: 00000ffb ldl 5
A: 00000041 B: 00000001 PC: 0000002d SP: 00000ffb stnl 0
A: 00000041 B: 00000001 PC: 0000002e SP: 00000ffb ldl 0
A: 00000002 B: 00000041 PC: 0000002f SP: 00000ffb ldl 5
A: 00000041 B: 00000002 PC: 00000030 SP: 00000ffb stnl 1
A: 00000041 B: 00000002 PC: 00000031 SP: 00000ffb ldc 1
A: 00000001 B: 00000041 PC: 00000032 SP: 00000ffb ldl 1
A: 00000001 B: 00000001 PC: 00000033 SP: 00000ffb add
A: 00000002 B: 00000001 PC: 00000034 SP: 00000ffb stl 1
A: 00000001 B: 00000001 PC: 00000035 SP: 00000ffb br -28
A: 00000001 B: 00000001 PC: 0000001a SP: 00000ffb ldl 4
A: 0000000a B: 00000001 PC: 0000001b SP: 00000ffb ldl 2
A: 00000004 B: 0000000a PC: 0000001c SP: 00000ffb sub
A: 00000006 B: 0000000a PC: 0000001d SP: 00000ffb ldl 1
A: 00000002 B: 00000006 PC: 0000001e SP: 00000ffb sub
A: 00000004 B: 00000006 PC: 0000001f SP: 00000ffb brz 22
A: 00000004 B: 00000006 PC: 00000020 SP: 00000ffb ldl 5
A: 00000041 B: 00000004 PC: 00000021 SP: 00000ffb ldnl 0
A: 00000001 B: 00000004 PC: 00000022 SP: 00000ffb ldc 0
A: 00000000 B: 00000001 PC: 00000023 SP: 00000ffb ldnl 1
A: 0000000b B: 00000001 PC: 00000024 SP: 00000ffb sub
A: fffffff6 B: 00000001 PC: 00000025 SP: 00000ffb brlz 1
A: fffffff6 B: 00000001 PC: 00000027 SP: 00000ffb ldl 5
A: 00000041 B: fffffff6 PC: 00000028 SP: 00000ffb ldnl 0
A: 00000001 B: fffffff6 PC: 00000029 SP: 00000ffb stl 0
A: fffffff6 B: fffffff6 PC: 0000002a SP: 00000ffb ldl 5
A: 00000041 B: fffffff6 PC: 0000002b SP: 00000ffb ldnl 1
A: 00000002 B: fffffff6 PC: 0000002c SP: 00000ffb ldl 5
A: 00000041 B: 00000002 PC: 0000002d SP: 00000ffb stnl 0
A: 00000041 B: 00000002 PC: 0000002e SP: 00000ffb ldl 0
A: 00000001 B: 00000041 PC: 0000002f SP: 00000ffb ldl 5
A: 00000041 B: 00000001 PC: 00000030 SP: 00000ffb stnl 1
A: 00000041 B: 00000001 PC: 00000031 SP: 00000ffb ldc 1
A: 00000001 B: 00000041 PC: 00000032 SP: 00000ffb ldl 1
A: 00000002 B: 00000001 PC: 00000033 SP: 00000ffb add
A: 00000003 B: 00000001 PC: 00000034 SP: 00000ffb stl 1
A: 00000001 B: 00000001 PC: 00000035 SP: 00000ffb br -28
A: 00000001 B: 00000001 PC: 0000001a SP: 00000ffb ldl 4
A: 0000000a B: 00000001 PC: 0000001b SP: 00000ffb ldl 2
A: 00000004 B: 0000000a PC: 0000001c SP: 00000ffb sub
A: 00000006 B: 0000000a PC: 0000001d SP: 00000ffb ldl 1
A: 00000003 B: 00000006 PC: 0000001e SP: 00000ffb sub
A: 00000003 B: 00000006 PC: 0000001f SP: 00000ffb brz 22
A: 00000003 B: 00000006 PC: 00000020 SP: 00000ffb ldl 5
A: 00000041 B: 00000003 PC: 00000021 SP: 00000ffb ldnl 0
A: 00000002 B: 00000003 PC: 00000022 SP: 00000ffb ldc 0
A: 00000000 B: 00000002 PC: 00000023 SP: 00000ffb ldnl 1
A: 0000000b B: 00000002 PC: 00000024 SP: 00000ffb sub
A: fffffff7 B: 00000002 PC: 00000025 SP: 00000ffb brlz 1
A: fffffff7 B: 00000002 PC: 00000027 SP: 00000ffb ldl 5
A: 00000041 B: fffffff7 PC: 00000028 SP: 00000ffb ldnl 0
A: 00000002 B: fffffff7 PC: 00000029 SP: 00000ffb stl 0
A: fffffff7 B: fffffff7 PC: 0000002a SP: 00000ffb ldl 5
A: 00000041 B: fffffff7 PC: 0000002b SP: 00000ffb ldnl 1
A: 00000001 B: fffffff7 PC: 0000002c SP: 00000ffb ldl 5
A: 00000041 B: 00000001 PC: 0000002d SP: 00000ffb stnl 0
A: 00000041 B: 00000001 PC: 0000002e SP: 00000ffb ldl 0
A: 00000002 B: 00000041 PC: 0000002f SP: 00000ffb ldl 5
A: 00000041 B: 00000002 PC: 00000030 SP: 00000ffb stnl 1
A: 00000041 B: 00000002 PC: 00000031 SP: 00000ffb ldc 1
A: 00000001 B: 00000041 PC: 00000032 SP: 00000ffb ldl 1
A: 00000003 B: 00000001 PC: 00000033 SP: 00000ffb add
A: 00000004 B: 00000001 PC: 00000034 SP: 00000ffb stl 1
A: 00000001 B: 00000001 PC: 00000035 SP: 00000ffb br -28
A: 00000001 B: 00000001 PC: 0000001a SP: 00000ffb ldl 4
A: 0000000a B: 00000001 PC: 0000001b SP: 00000ffb ldl 2
A: 00000004 B: 0000000a PC: 0000001c SP: 00000ffb sub
A: 00000006 B: 0000000a PC: 0000001d SP: 00000ffb ldl 1
A: 00000004 B: 00000006 PC: 0000001e SP: 00000ffb sub
A: 00000002 B: 00000006 PC: 0000001f SP: 00000ffb brz 22
A: 00000002 B: 00000006 PC: 00000020 SP: 00000ffb ldl 5
A: 00000041 B: 00000002 PC: 00000021 SP: 00000ffb ldnl 0
A: 00000001 B: 00000002 PC: 00000022 SP: 00000ffb ldc 0
A: 00000000 B: 00000001 PC: 00000023 SP: 00000ffb ldnl 1
A: 0000000b B: 00000001 PC: 00000024 SP: 00000ffb sub
A: fffffff6 B: 00000001 PC: 00000025 SP: 00000ffb brlz 1
A: fffffff6 B: 00000001 PC: 00000027 SP: 00000ffb ldl 5
A: 00000041 B: fffffff6 PC: 00000028 SP: 00000ffb ldnl 0
A: 00000001 B: fffffff6 PC: 00000029 SP: 00000ffb stl 0
A: fffffff6 B: fffffff6 PC: 0000002a SP: 00000ffb ldl 5
A: 00000041 B: fffffff6 PC: 0000002b SP: 00000ffb ldnl 1
A: 00000002 B: fffffff6 PC: 0000002c SP: 00000ffb ldl 5
A: 00000041 B: 00000002 PC: 0000002d SP: 00000ffb stnl 0
A: 00000041 B: 00000002 PC: 0000002e SP: 00000ffb ldl 0
A: 00000001 B: 00000041 PC: 0000002f SP: 00000ffb ldl 5
A: 00000041 B: 00000001 PC: 00000030 SP: 00000ffb stnl 1
A: 00000041 B: 00000001 PC: 00000031 SP: 00000ffb ldc 1
A: 00000001 B: 00000041 PC: 00000032 SP: 00000ffb ldl 1
A: 00000004 B: 00000001 PC: 00000033 SP: 00000ffb add
A: 00000005 B: 00000001 PC: 00000034 SP: 00000ffb stl 1
A: 00000001 B: 00000001 PC: 00000035 SP: 00000ffb br -28
A: 00000001 B: 00000001 PC: 0000001a SP: 00000ffb ldl 4
A: 0000000a B: 00000001 PC: 0000001b SP: 00000ffb ldl 2
A: 00000004 B: 0000000a PC: 0000001c SP: 00000ffb sub
A: 00000006 B: 0000000a PC: 0000001d SP: 00000ffb ldl 1
A: 00000005 B: 00000006 PC: 0000001e SP: 00000ffb sub
A: 00000001 B: 00000006 PC: 0000001f SP: 00000ffb brz 22
A: 00000001 B: 00000006 PC: 00000020 SP: 00000ffb ldl 5
A: 00000041 B: 00000001 PC: 00000021 SP: 00000ffb ldnl 0
A: 00000002 B: 00000001 PC: 00000022 SP: 00000ffb ldc 0
A: 00000000 B: 00000002 PC: 00000023 SP: 00000ffb ldnl 1
A: 0000000b B: 00000002 PC: 00000024 SP: 00000ffb sub
A: fffffff7 B: 00000002 PC: 00000025 SP: 00000ffb brlz 1
A: fffffff7 B: 00000002 PC: 00000027 SP: 00000ffb ldl 5
A: 00000041 B: fffffff7 PC: 00000028 SP: 00000ffb ldnl 0
A: 00000002 B: fffffff7 PC: 00000029 SP: 00000ffb stl 0
A: fffffff7 B: fffffff7 PC: 0000002a SP: 00000ffb ldl 5
A: 00000041 B: fffffff7 PC: 0000002b SP: 00000ffb ldnl 1
A: 00000001 B: fffffff7 PC: 0000002c SP: 00000ffb ldl 5
A: 00000041 B: 00000001 PC: 0000002d SP: 00000ffb stnl 0
A: 00000041 B: 00000001 PC: 0000002e SP: 00000ffb ldl 0
A: 00000002 B: 00000041 PC: 0000002f SP: 00000ffb ldl 5
A: 00000041 B: 00000002 PC: 00000030 SP: 00000ffb stnl 1
A: 00000041 B: 00000002 PC: 00000031 SP: 00000ffb ldc 1
A: 00000001 B: 00000041 PC: 00000032 SP: 00000ffb ldl 1
A: 00000005 B: 00000001 PC: 00000033 SP: 00000ffb add
A: 00000006 B: 00000001 PC: 00000034 SP: 00000ffb stl 1
A: 00000001 B: 00000001 PC: 00000035 SP: 00000ffb br -28
A: 00000001 B: 00000001 PC: 0000001a SP: 00000ffb ldl 4
A: 0000000a B: 00000001 PC: 0000001b SP: 00000ffb ldl 2
A: 00000004 B: 0000000a PC: 0000001c SP: 00000ffb sub
A: 00000006 B: 0000000a PC: 0000001d SP: 00000ffb ldl 1
A: 00000006 B: 00000006 PC: 0000001e SP: 00000ffb sub
A: 00000000 B: 00000006 PC: 0000001f SP: 00000ffb brz 22
A: 00000000 B: 00000006 PC: 00000036 SP: 00000ffb ldc 1
A: 00000001 B: 00000000 PC: 00000037 SP: 00000ffb ldl 2
A: 00000004 B: 00000001 PC: 00000038 SP: 00000ffb add
A: 00000005 B: 00000001 PC: 00000039 SP: 00000ffb stl 2
A: 00000001 B: 00000001 PC: 0000003a SP: 00000ffb ldc 1
A: 00000001 B: 00000001 PC: 0000003b SP: 00000ffb ldl 5
A: 00000041 B: 00000001 PC: 0000003c SP: 00000ffb add
A: 00000042 B: 00000001 PC: 0000003d SP: 00000ffb br -44
A: 00000042 B: 00000001 PC: 00000012 SP: 00000ffb ldl 4
A: 0000000a B: 00000042 PC: 00000013 SP: 00000ffb ldl 2
A: 00000005 B: 0000000a PC: 00000014 SP: 00000ffb sub
A: 00000005 B: 0000000a PC: 00000015 SP: 00000ffb ldc 1
A: 00000001 B: 00000005 PC: 00000016 SP: 00000ffb sub
A: 00000004 B: 00000005 PC: 00000017 SP: 00000ffb brz 38
A: 00000004 B: 00000005 PC: 00000018 SP: 00000ffb ldc 1
A: 00000001 B: 00000004 PC: 00000019 SP: 00000ffb stl 1
A: 00000004 B: 00000004 PC: 0000001a SP: 00000ffb ldl 4
A: 0000000a B: 00000004 PC: 0000001b SP: 00000ffb ldl 2
A: 00000005 B: 0000000a PC: 0000001c SP: 00000ffb sub
A: 00000005 B: 0000000a PC: 0000001d SP: 00000ffb ldl 1
A: 00000001 B: 00000005 PC: 0000001e SP: 00000ffb sub
A: 00000004 B: 00000005 PC: 0000001f SP: 00000ffb brz 22
A: 00000004 B: 00000005 PC: 00000020 SP: 00000ffb ldl 5
A: 00000041 B: 00000004 PC: 00000021 SP: 00000ffb ldnl 0
A: 00000001 B: 00000004 PC: 00000022 SP: 00000ffb ldc 0
A: 00000000 B: 00000001 PC: 00000023 SP: 00000ffb ldnl 1
A: 0000000b B: 00000001 PC: 00000024 SP: 00000ffb sub
A: fffffff6 B: 00000001 PC: 00000025 SP: 00000ffb brlz 1
A: fffffff6 B: 00000001 PC: 00000027 SP: 00000ffb ldl 5
A: 00000041 B: fffffff6 PC: 00000028 SP: 00000ffb ldnl 0
A: 00000001 B: fffffff6 PC: 00000029 SP: 00000ffb stl 0
A: fffffff6 B: fffffff6 PC: 0000002a SP: 00000ffb ldl 5
A: 00000041 B: fffffff6 PC: 0000002b SP: 00000ffb ldnl 1
A: 00000002 B: fffffff6 PC: 0000002c SP: 00000ffb ldl 5
A: 00000041 B: 00000002 PC: 0000002d SP: 00000ffb stnl 0
A: 00000041 B: 00000002 PC: 0000002e SP: 00000ffb ldl 0
A: 00000001 B: 00000041 PC: 0000002f SP: 00000ffb ldl 5
A: 00000041 B: 00000001 PC: 00000030 SP: 00000ffb stnl 1
A: 00000041 B: 00000001 PC: 00000031 SP: 00000ffb ldc 1
A: 00000001 B: 00000041 PC: 00000032 SP: 00000ffb ldl 1
A: 00000001 B: 00000001 PC: 00000033 SP: 00000ffb add
A: 00000002 B: 00000001 PC: 00000034 SP: 00000ffb stl 1
A: 00000001 B: 00000001 PC: 00000035 SP: 00000ffb br -28
A: 00000001 B: 00000001 PC: 0000001a SP: 00000ffb ldl 4
A: 0000000a B: 00000001 PC: 0000001b SP: 00000ffb ldl 2
A: 00000005 B: 0000000a PC: 0000001c SP: 00000ffb sub
A: 00000005 B: 0000000a PC: 0000001d SP: 00000ffb ldl 1
A: 00000002 B: 00000005 PC: 0000001e SP: 00000ffb sub
A: 00000003 B: 00000005 PC: 0000001f SP: 00000ffb brz 22
A: 00000003 B: 00000005 PC: 00000020 SP: 00000ffb ldl 5
A: 00000041 B: 00000003 PC: 00000021 SP: 00000ffb ldnl 0
A: 00000002 B: 00000003 PC: 00000022 SP: 00000ffb ldc 0
A: 00000000 B: 00000002 PC: 00000023 SP: 00000ffb ldnl 1
A: 0000000b B: 00000002 PC: 00000024 SP: 00000ffb sub
A: fffffff7 B: 00000002 PC: 00000025 SP: 00000ffb brlz 1
A: fffffff7 B: 00000002 PC: 00000027 SP: 00000ffb ldl 5
A: 00000041 B: fffffff7 PC: 00000028 SP: 00000ffb ldnl 0
A: 00000002 B: fffffff7 PC: 00000029 SP: 00000ffb stl 0
A: fffffff7 B: fffffff7 PC: 0000002a SP: 00000ffb ldl 5
A: 00000041 B: fffffff7 PC: 0000002b SP: 00000ffb ldnl 1
A: 00000001 B: fffffff7 PC: 0000002c SP: 00000ffb ldl 5
A: 00000041 B: 00000001 PC: 0000002d SP: 00000ffb stnl 0
A: 00000041 B: 00000001 PC: 0000002e SP: 00000ffb ldl 0
A: 00000002 B: 00000041 PC: 0000002f SP: 00000ffb ldl 5
A: 00000041 B: 00000002 PC: 00000030 SP: 00000ffb stnl 1
A: 00000041 B: 00000002 PC: 00000031 SP: 00000ffb ldc 1
A: 00000001 B: 00000041 PC: 00000032 SP: 00000ffb ldl 1
A: 00000002 B: 00000001 PC: 00000033 SP: 00000ffb add
A: 00000003 B: 00000001 PC: 00000034 SP: 00000ffb stl 1
A: 00000001 B: 00000001 PC: 00000035 SP: 00000ffb br -28
A: 00000001 B: 00000001 PC: 0000001a SP: 00000ffb ldl 4
A: 0000000a B: 00000001 PC: 0000001b SP: 00000ffb ldl 2
A: 00000005 B: 0000000a PC: 0000001c SP: 00000ffb sub
A: 00000005 B: 0000000a PC: 0000001d SP: 00000ffb ldl 1
A: 00000003 B: 00000005 PC: 0000001e SP: 00000ffb sub
A: 00000002 B: 00000005 PC: 0000001f SP: 00000ffb brz 22
A: 00000002 B: 00000005 PC: 00000020 SP: 00000ffb ldl 5
A: 00000041 B: 00000002 PC: 00000021 SP: 00000ffb ldnl 0
A: 00000001 B: 00000002 PC: 00000022 SP: 00000ffb ldc 0
A: 00000000 B: 00000001 PC: 00000023 SP: 00000ffb ldnl 1
A: 0000000b B: 00000001 PC: 00000024 SP: 00000ffb sub
A: fffffff6 B: 00000001 PC: 00000025 SP: 00000ffb brlz 1
A: fffffff6 B: 00000001 PC: 00000027 SP: 00000ffb ldl 5
A: 00000041 B: fffffff6 PC: 00000028 SP: 00000ffb ldnl 0
A: 00000001 B: fffffff6 PC: 00000029 SP: 00000ffb stl 0
A: fffffff6 B: fffffff6 PC: 0000002a SP: 00000ffb ldl 5
A: 00000041 B: fffffff6 PC: 0000002b SP: 00000ffb ldnl 1
A: 00000002 B: fffffff6 PC: 0000002c SP: 00000ffb ldl 5
A: 00000041 B: 00000002 PC: 0000002d SP: 00000ffb stnl 0
A: 00000041 B: 00000002 PC: 0000002e SP: 00000ffb ldl 0
A: 00000001 B: 00000041 PC: 0000002f SP: 00000ffb ldl 5
A: 00000041 B: 00000001 PC: 00000030 SP: 00000ffb stnl 1
A: 00000041 B: 00000001 PC: 00000031 SP: 00000ffb ldc 1
A: 00000001 B: 00000041 PC: 00000032 SP: 00000ffb ldl 1
A: 00000003 B: 00000001 PC: 00000033 SP: 00000ffb add
A: 00000004 B: 00000001 PC: 00000034 SP: 00000ffb stl 1
A: 00000001 B: 00000001 PC: 00000035 SP: 00000ffb br -28
A: 00000001 B: 00000001 PC: 0000001a SP: 00000ffb ldl 4
A: 0000000a B: 00000001 PC: 0000001b SP: 00000ffb ldl 2
A: 00000005 B: 0000000a PC: 0000001c SP: 00000ffb sub
A: 00000005 B: 0000000a PC: 0000001d SP: 00000ffb ldl 1
A: 00000004 B: 00000005 PC: 0000001e SP: 00000ffb sub
A: 00000001 B: 00000005 PC: 0000001f SP: 00000ffb brz 22
A: 00000001 B: 00000005 PC: 00000020 SP: 00000ffb ldl 5
A: 00000041 B: 00000001 PC: 00000021 SP: 00000ffb ldnl 0
A: 00000002 B: 00000001 PC: 00000022 SP: 00000ffb ldc 0
A: 00000000 B: 00000002 PC: 00000023 SP: 00000ffb ldnl 1
A: 0000000b B: 00000002 PC: 00000024 SP: 00000ffb sub
A: fffffff7 B: 00000002 PC: 00000025 SP: 00000ffb brlz 1
A: fffffff7 B: 00000002 PC: 00000027 SP: 00000ffb ldl 5
A: 00000041 B: fffffff7 PC: 00000028 SP: 00000ffb ldnl 0
A: 00000002 B: fffffff7 PC: 00000029 SP: 00000ffb stl 0
A: fffffff7 B: fffffff7 PC: 0000002a SP: 00000ffb ldl 5
A: 00000041 B: fffffff7 PC: 0000002b SP: 00000ffb ldnl 1
A: 00000001 B: fffffff7 PC: 0000002c SP: 00000ffb ldl 5
A: 00000041 B: 00000001 PC: 0000002d SP: 00000ffb stnl 0
A: 00000041 B: 00000001 PC: 0000002e SP: 00000ffb ldl 0
A: 00000002 B: 00000041 PC: 0000002f SP: 00000ffb ldl 5
A: 00000041 B: 00000002 PC: 00000030 SP: 00000ffb stnl 1
A: 00000041 B: 00000002 PC: 00000031 SP: 00000ffb ldc 1
A: 00000001 B: 00000041 PC: 00000032 SP: 00000ffb ldl 1
A: 00000004 B: 00000001 PC: 00000033 SP: 00000ffb add
A: 00000005 B: 00000001 PC: 00000034 SP: 00000ffb stl 1
A: 00000001 B: 00000001 PC: 00000035 SP: 00000ffb br -28
A: 00000001 B: 00000001 PC: 0000001a SP: 00000ffb ldl 4
A: 0000000a B: 00000001 PC: 0000001b SP: 00000ffb ldl 2
A: 00000005 B: 0000000a PC: 0000001c SP: 00000ffb sub
A: 00000005 B: 0000000a PC: 0000001d SP: 00000ffb ldl 1
A: 00000005 B: 00000005 PC: 0000001e SP: 00000ffb sub
A: 00000000 B: 00000005 PC: 0000001f SP: 00000ffb brz 22
A: 00000000 B: 00000005 PC: 00000036 SP: 00000ffb ldc 1
A: 00000001 B: 00000000 PC: 00000037 SP: 00000ffb ldl 2
A: 00000005 B: 00000001 PC: 00000038 SP: 00000ffb add
A: 00000006 B: 00000001 PC: 00000039 SP: 00000ffb stl 2
A: 00000001 B: 00000001 PC: 0000003a SP: 00000ffb ldc 1
A: 00000001 B: 00000001 PC: 0000003b SP: 00000ffb ldl 5
A: 00000041 B: 00000001 PC: 0000003c SP: 00000ffb add
A: 00000042 B: 00000001 PC: 0000003d SP: 00000ffb br -44
A: 00000042 B: 00000001 PC: 00000012 SP: 00000ffb ldl 4
A: 0000000a B: 00000042 PC: 00000013 SP: 00000ffb ldl 2
A: 00000006 B: 0000000a PC: 00000014 SP: 00000ffb sub
A: 00000004 B: 0000000a PC: 00000015 SP: 00000ffb ldc 1
A: 00000001 B: 00000004 PC: 00000016 SP: 00000ffb sub
A: 00000003 B: 00000004 PC: 00000017 SP: 00000ffb brz 38
A: 00000003 B: 00000004 PC: 00000018 SP: 00000ffb ldc 1
A: 00000001 B: 00000003 PC: 00000019 SP: 00000ffb stl 1
A: 00000003 B: 00000003 PC: 0000001a SP: 00000ffb ldl 4
A: 0000000a B: 00000003 PC: 0000001b SP: 00000ffb ldl 2
A: 00000006 B: 0000000a PC: 0000001c SP: 00000ffb sub
A: 00000004 B: 0000000a PC: 0000001d SP: 00000ffb ldl 1
A: 00000001 B: 00000004 PC: 0000001e SP: 00000ffb sub
A: 00000003 B: 00000004 PC: 0000001f SP: 00000ffb brz 22
A: 00000003 B: 00000004 PC: 00000020 SP: 00000ffb ldl 5
A: 00000041 B: 00000003 PC: 00000021 SP: 00000ffb ldnl 0
A: 00000001 B: 00000003 PC: 00000022 SP: 00000ffb ldc 0
A: 00000000 B: 00000001 PC: 00000023 SP: 00000ffb ldnl 1
A: 0000000b B: 00000001 PC: 00000024 SP: 00000ffb sub
A: fffffff6 B: 00000001 PC: 00000025 SP: 00000ffb brlz 1
A: fffffff6 B: 00000001 PC: 00000027 SP: 00000ffb ldl 5
A: 00000041 B: fffffff6 PC: 00000028 SP: 00000ffb ldnl 0
A: 00000001 B: fffffff6 PC: 00000029 SP: 00000ffb stl 0
A: fffffff6 B: fffffff6 PC: 0000002a SP: 00000ffb ldl 5
A: 00000041 B: fffffff6 PC: 0000002b SP: 00000ffb ldnl 1
A: 00000002 B: fffffff6 PC: 0000002c SP: 00000ffb ldl 5
A: 00000041 B: 00000002 PC: 0000002d SP: 00000ffb stnl 0
A: 00000041 B: 00000002 PC: 0000002e SP: 00000ffb ldl 0
A: 00000001 B: 00000041 PC: 0000002f SP: 00000ffb ldl 5
A: 00000041 B: 00000001 PC: 00000030 SP: 00000ffb stnl 1
A: 00000041 B: 00000001 PC: 00000031 SP: 00000ffb ldc 1
A: 00000001 B: 00000041 PC: 00000032 SP: 00000ffb ldl 1
A: 00000001 B: 00000001 PC: 00000033 SP: 00000ffb add
A: 00000002 B: 00000001 PC: 00000034 SP: 00000ffb stl 1
A: 00000001 B: 00000001 PC: 00000035 SP: 00000ffb br -28
A: 00000001 B: 00000001 PC: 0000001a SP: 00000ffb ldl 4
A: 0000000a B: 00000001 PC: 0000001b SP: 00000ffb ldl 2
A: 00000006 B: 0000000a PC: 0000001c SP: 00000ffb sub
A: 00000004 B: 0000000a PC: 0000001d SP: 00000ffb ldl 1
A: 00000002 B: 00000004 PC: 0000001e SP: 00000ffb sub
A: 00000002 B: 00000004 PC: 0000001f SP: 00000ffb brz 22
A: 00000002 B: 00000004 PC: 00000020 SP: 00000ffb ldl 5
A: 00000041 B: 00000002 PC: 00000021 SP: 00000ffb ldnl 0
A: 00000002 B: 00000002 PC: 00000022 SP: 00000ffb ldc 0
A: 00000000 B: 00000002 PC: 00000023 SP: 00000ffb ldnl 1
A: 0000000b B: 00000002 PC: 00000024 SP: 00000ffb sub
A: fffffff7 B: 00000002 PC: 00000025 SP: 00000ffb brlz 1
A: fffffff7 B: 00000002 PC: 00000027 SP: 00000ffb ldl 5
A: 00000041 B: fffffff7 PC: 00000028 SP: 00000ffb ldnl 0
A: 00000002 B: fffffff7 PC: 00000029 SP: 00000ffb stl 0
A: fffffff7 B: fffffff7 PC: 0000002a SP: 00000ffb ldl 5
A: 00000041 B: fffffff7 PC: 0000002b SP: 00000ffb ldnl 1
A: 00000001 B: fffffff7 PC: 0000002c SP: 00000ffb ldl 5
A: 00000041 B: 00000001 PC: 0000002d SP: 00000ffb stnl 0
A: 00000041 B: 00000001 PC: 0000002e SP: 00000ffb ldl 0
A: 00000002 B: 00000041 PC: 0000002f SP: 00000ffb ldl 5
A: 00000041 B: 00000002 PC: 00000030 SP: 00000ffb stnl 1
A: 00000041 B: 00000002 PC: 00000031 SP: 00000ffb ldc 1
A: 00000001 B: 00000041 PC: 00000032 SP: 00000ffb ldl 1
A: 00000002 B: 00000001 PC: 00000033 SP: 00000ffb add
A: 00000003 B: 00000001 PC: 00000034 SP: 00000ffb stl 1
A: 00000001 B: 00000001 PC: 00000035 SP: 00000ffb br -28
A: 00000001 B: 00000001 PC: 0000001a SP: 00000ffb ldl 4
A: 0000000a B: 00000001 PC: 0000001b SP: 00000ffb ldl 2
A: 00000006 B: 0000000a PC: 0000001c SP: 00000ffb sub
A: 00000004 B: 0000000a PC: 0000001d SP: 00000ffb ldl 1
A: 00000003 B: 00000004 PC: 0000001e SP: 00000ffb sub
A: 00000001 B: 00000004 PC: 0000001f SP: 00000ffb brz 22
A: 00000001 B: 00000004 PC: 00000020 SP: 00000ffb ldl 5
A: 00000041 B: 00000001 PC: 00000021 SP: 00000ffb ldnl 0
A: 00000001 B: 00000001 PC: 00000022 SP: 00000ffb ldc 0
A: 00000000 B: 00000001 PC: 00000023 SP: 00000ffb ldnl 1
A: 0000000b B: 00000001 PC: 00000024 SP: 00000ffb sub
A: fffffff6 B: 00000001 PC: 00000025 SP: 00000ffb brlz 1
A: fffffff6 B: 00000001 PC: 00000027 SP: 00000ffb ldl 5
A: 00000041 B: fffffff6 PC: 00000028 SP: 00000ffb ldnl 0
A: 00000001 B: fffffff6 PC: 00000029 SP: 00000ffb stl 0
A: fffffff6 B: fffffff6 PC: 0000002a SP: 00000ffb ldl 5
A: 00000041 B: fffffff6 PC: 0000002b SP: 00000ffb ldnl 1
A: 00000002 B: fffffff6 PC: 0000002c SP: 00000ffb ldl 5
A: 00000041 B: 00000002 PC: 0000002d SP: 00000ffb stnl 0
A: 00000041 B: 00000002 PC: 0000002e SP: 00000ffb ldl 0
A: 00000001 B: 00000041 PC: 0000002f SP: 00000ffb ldl 5
A: 00000041 B: 00000001 PC: 00000030 SP: 00000ffb stnl 1
A: 00000041 B: 00000001 PC: 00000031 SP: 00000ffb ldc 1
A: 00000001 B: 00000041 PC: 00000032 SP: 00000ffb ldl 1
A: 00000003 B: 00000001 PC: 00000033 SP: 00000ffb add
A: 00000004 B: 00000001 PC: 00000034 SP: 00000ffb stl 1
A: 00000001 B: 00000001 PC: 00000035 SP: 00000ffb br -28
A: 00000001 B: 00000001 PC: 0000001a SP: 00000ffb ldl 4
A: 0000000a B: 00000001 PC: 0000001b SP: 00000ffb ldl 2
A: 00000006 B: 0000000a PC: 0000001c SP: 00000ffb sub
A: 00000004 B: 0000000a PC: 0000001d SP: 00000ffb ldl 1
A: 00000004 B: 00000004 PC: 0000001e SP: 00000ffb sub
A: 00000000 B: 00000004 PC: 0000001f SP: 00000ffb brz 22
A: 00000000 B: 00000004 PC: 00000036 SP: 00000ffb ldc 1
A: 00000001 B: 00000000 PC: 00000037 SP: 00000ffb ldl 2
A: 00000006 B: 00000001 PC: 00000038 SP: 00000ffb add
A: 00000007 B: 00000001 PC: 00000039 SP: 00000ffb stl 2
A: 00000001 B: 00000001 PC: 0000003a SP: 00000ffb ldc 1
A: 00000001 B: 00000001 PC: 0000003b SP: 00000ffb ldl 5
A: 00000041 B: 00000001 PC: 0000003c SP: 00000ffb add
A: 00000042 B: 00000001 PC: 0000003d SP: 00000ffb br -44
A: 00000042 B: 00000001 PC: 00000012 SP: 00000ffb ldl 4
A: 0000000a B: 00000042 PC: 00000013 SP: 00000ffb ldl 2
A: 00000007 B: 0000000a PC: 00000014 SP: 00000ffb sub
A: 00000003 B: 0000000a PC: 00000015 SP: 00000ffb ldc 1
A: 00000001 B: 00000003 PC: 00000016 SP: 00000ffb sub
A: 00000002 B: 00000003 PC: 00000017 SP: 00000ffb brz 38
A: 00000002 B: 00000003 PC: 00000018 SP: 00000ffb ldc 1
A: 00000001 B: 00000002 PC: 00000019 SP: 00000ffb stl 1
A: 00000002 B: 00000002 PC: 0000001a SP: 00000ffb ldl 4
A: 0000000a B: 00000002 PC: 0000001b SP: 00000ffb ldl 2
A: 00000007 B: 0000000a PC: 0000001c SP: 00000ffb sub
A: 00000003 B: 0000000a PC: 0000001d SP: 00000ffb ldl 1
A: 00000001 B: 00000003 PC: 0000001e SP: 00000ffb sub
A: 00000002 B: 00000003 PC: 0000001f SP: 00000ffb brz 22
A: 00000002 B: 00000003 PC: 00000020 SP: 00000ffb ldl 5
A: 00000041 B: 00000002 PC: 00000021 SP: 00000ffb ldnl 0
A: 00000002 B: 00000002 PC: 00000022 SP: 00000ffb ldc 0
A: 00000000 B: 00000002 PC: 00000023 SP: 00000ffb ldnl 1
A: 0000000b B: 00000002 PC: 00000024 SP: 00000ffb sub
A: fffffff7 B: 00000002 PC: 00000025 SP: 00000ffb brlz 1
A: fffffff7 B: 00000002 PC: 00000027 SP: 00000ffb ldl 5
A: 00000041 B: fffffff7 PC: 00000028 SP: 00000ffb ldnl 0
A: 00000002 B: fffffff7 PC: 00000029 SP: 00000ffb stl 0
A: fffffff7 B: fffffff7 PC: 0000002a SP: 00000ffb ldl 5
A: 00000041 B: fffffff7 PC: 0000002b SP: 00000ffb ldnl 1
A: 00000001 B: fffffff7 PC: 0000002c SP: 00000ffb ldl 5
A: 00000041 B: 00000001 PC: 0000002d SP: 00000ffb stnl 0
A: 00000041 B: 00000001 PC: 0000002e SP: 00000ffb ldl 0
A: 00000002 B: 00000041 PC: 0000002f SP: 00000ffb ldl 5
A: 00000041 B: 00000002 PC: 00000030 SP: 00000ffb stnl 1
A: 00000041 B: 00000002 PC: 00000031 SP: 00000ffb ldc 1
A: 00000001 B: 00000041 PC: 00000032 SP: 00000ffb ldl 1
A: 00000001 B: 00000001 PC: 00000033 SP: 00000ffb add
A: 00000002 B: 00000001 PC: 00000034 SP: 00000ffb stl 1
A: 00000001 B: 00000001 PC: 00000035 SP: 00000ffb br -28
A: 00000001 B: 00000001 PC: 0000001a SP: 00000ffb ldl 4
A: 0000000a B: 00000001 PC: 0000001b SP: 00000ffb ldl 2
A: 00000007 B: 0000000a PC: 0000001c SP: 00000ffb sub
A: 00000003 B: 0000000a PC: 0000001d SP: 00000ffb ldl 1
A: 00000002 B: 00000003 PC: 0000001e SP: 00000ffb sub
A: 00000001 B: 00000003 PC: 0000001f SP: 00000ffb brz 22
A: 00000001 B: 00000003 PC: 00000020 SP: 00000ffb ldl 5
A: 00000041 B: 00000001 PC: 00000021 SP: 00000ffb ldnl 0
A: 00000001 B: 00000001 PC: 00000022 SP: 00000ffb ldc 0
A: 00000000 B: 00000001 PC: 00000023 SP: 00000ffb ldnl 1
A: 0000000b B: 00000001 PC: 00000024 SP: 00000ffb sub
A: fffffff6 B: 00000001 PC: 00000025 SP: 00000ffb brlz 1
A: fffffff6 B: 00000001 PC: 00000027 SP: 00000ffb ldl 5
A: 00000041 B: fffffff6 PC: 00000028 SP: 00000ffb ldnl 0
A: 00000001 B: fffffff6 PC: 00000029 SP: 00000ffb stl 0
A: fffffff6 B: fffffff6 PC: 0000002a SP: 00000ffb ldl 5
A: 00000041 B: fffffff6 PC: 0000002b SP: 00000ffb ldnl 1
A: 00000002 B: fffffff6 PC: 0000002c SP: 00000ffb ldl 5
A: 00000041 B: 00000002 PC: 0000002d SP: 00000ffb stnl 0
A: 00000041 B: 00000002 PC: 0000002e SP: 00000ffb ldl 0
A: 00000001 B: 00000041 PC: 0000002f SP: 00000ffb ldl 5
A: 00000041 B: 00000001 PC: 00000030 SP: 00000ffb stnl 1
A: 00000041 B: 00000001 PC: 00000031 SP: 00000ffb ldc 1
A: 00000001 B: 00000041 PC: 00000032 SP: 00000ffb ldl 1
A: 00000002 B: 00000001 PC: 00000033 SP: 00000ffb add
A: 00000003 B: 00000001 PC: 00000034 SP: 00000ffb stl 1
A: 00000001 B: 00000001 PC: 00000035 SP: 00000ffb br -28
A: 00000001 B: 00000001 PC: 0000001a SP: 00000ffb ldl 4
A: 0000000a B: 00000001 PC: 0000001b SP: 00000ffb ldl 2
A: 00000007 B: 0000000a PC: 0000001c SP: 00000ffb sub
A: 00000003 B: 0000000a PC: 0000001d SP: 00000ffb ldl 1
A: 00000003 B: 00000003 PC: 0000001e SP: 00000ffb sub
A: 00000000 B: 00000003 PC: 0000001f SP: 00000ffb brz 22
A: 00000000 B: 00000003 PC: 00000036 SP: 00000ffb ldc 1
A: 00000001 B: 00000000 PC: 00000037 SP: 00000ffb ldl 2
A: 00000007 B: 00000001 PC: 00000038 SP: 00000ffb add
A: 00000008 B: 00000001 PC: 00000039 SP: 00000ffb stl 2
A: 00000001 B: 00000001 PC: 0000003a SP: 00000ffb ldc 1
A: 00000001 B: 00000001 PC: 0000003b SP: 00000ffb ldl 5
A: 00000041 B: 00000001 PC: 0000003c SP: 00000ffb add
A: 00000042 B: 00000001 PC: 0000003d SP: 00000ffb br -44
A: 00000042 B: 00000001 PC: 00000012 SP: 00000ffb ldl 4
A: 0000000a B: 00000042 PC: 00000013 SP: 00000ffb ldl 2
A: 00000008 B: 0000000a PC: 00000014 SP: 00000ffb sub
A: 00000002 B: 0000000a PC: 00000015 SP: 00000ffb ldc 1
A: 00000001 B: 00000002 PC: 00000016 SP: 00000ffb sub
A: 00000001 B: 00000002 PC: 00000017 SP: 00000ffb brz 38
A: 00000001 B: 00000002 PC: 00000018 SP: 00000ffb ldc 1
A: 00000001 B: 00000001 PC: 00000019 SP: 00000ffb stl 1
A: 00000001 B: 00000001 PC: 0000001a SP: 00000ffb ldl 4
A: 0000000a B: 00000001 PC: 0000001b SP: 00000ffb ldl 2
A: 00000008 B: 0000000a PC: 0000001c SP: 00000ffb sub
A: 00000002 B: 0000000a PC: 0000001d SP: 00000ffb ldl 1
A: 00000001 B: 00000002 PC: 0000001e SP: 00000ffb sub
A: 00000001 B: 00000002 PC: 0000001f SP: 00000ffb brz 22
A: 00000001 B: 00000002 PC: 00000020 SP: 00000ffb ldl 5
A: 00000041 B: 00000001 PC: 00000021 SP: 00000ffb ldnl 0
A: 00000002 B: 00000001 PC: 00000022 SP: 00000ffb ldc 0
A: 00000000 B: 00000002 PC: 00000023 SP: 00000ffb ldnl 1
A: 0000000b B: 00000002 PC: 00000024 SP: 00000ffb sub
A: fffffff7 B: 00000002 PC: 00000025 SP: 00000ffb brlz 1
A: fffffff7 B: 00000002 PC: 00000027 SP: 00000ffb ldl 5
A: 00000041 B: fffffff7 PC: 00000028 SP: 00000ffb ldnl 0
A: 00000002 B: fffffff7 PC: 00000029 SP: 00000ffb stl 0
A: fffffff7 B: fffffff7 PC: 0000002a SP: 00000ffb ldl 5
A: 00000041 B: fffffff7 PC: 0000002b SP: 00000ffb ldnl 1
A: 00000001 B: fffffff7 PC: 0000002c SP: 00000ffb ldl 5
A: 00000041 B: 00000001 PC: 0000002d SP: 00000ffb stnl 0
A: 00000041 B: 00000001 PC: 0000002e SP: 00000ffb ldl 0
A: 00000002 B: 00000041 PC: 0000002f SP: 00000ffb ldl 5
A: 00000041 B: 00000002 PC: 00000030 SP: 00000ffb stnl 1
A: 00000041 B: 00000002 PC: 00000031 SP: 00000ffb ldc 1
A: 00000001 B: 00000041 PC: 00000032 SP: 00000ffb ldl 1
A: 00000001 B: 00000001 PC: 00000033 SP: 00000ffb add
A: 00000002 B: 00000001 PC: 00000034 SP: 00000ffb stl 1
A: 00000001 B: 00000001 PC: 00000035 SP: 00000ffb br -28
A: 00000001 B: 00000001 PC: 0000001a SP: 00000ffb ldl 4
A: 0000000a B: 00000001 PC: 0000001b SP: 00000ffb ldl 2
A: 00000008 B: 0000000a PC: 0000001c SP: 00000ffb sub
A: 00000002 B: 0000000a PC: 0000001d SP: 00000ffb ldl 1
A: 00000002 B: 00000002 PC: 0000001e SP: 00000ffb sub
A: 00000000 B: 00000002 PC: 0000001f SP: 00000ffb brz 22
A: 00000000 B: 00000002 PC: 00000036 SP: 00000ffb ldc 1
A: 00000001 B: 00000000 PC: 00000037 SP: 00000ffb ldl 2
A: 00000008 B: 00000001 PC: 00000038 SP: 00000ffb add
A: 00000009 B: 00000001 PC: 00000039 SP: 00000ffb stl 2
A: 00000001 B: 00000001 PC: 0000003a SP: 00000ffb ldc 1
A: 00000001 B: 00000001 PC: 0000003b SP: 00000ffb ldl 5
A: 00000041 B: 00000001 PC: 0000003c SP: 00000ffb add
A: 00000042 B: 00000001 PC: 0000003d SP: 00000ffb br -44
A: 00000042 B: 00000001 PC: 00000012 SP: 00000ffb ldl 4
A: 0000000a B: 00000042 PC: 00000013 SP: 00000ffb ldl 2
A: 00000009 B: 0000000a PC: 00000014 SP: 00000ffb sub
A: 00000001 B: 0000000a PC: 00000015 SP: 00000ffb ldc 1
A: 00000001 B: 00000001 PC: 00000016 SP: 00000ffb sub
A: 00000000 B: 00000001 PC: 00000017 SP: 00000ffb brz 38
A: 00000000 B: 00000001 PC: 0000003e SP: 00000ffb ldl 3
A: 00000006 B: 00000000 PC: 0000003f SP: 00000ffb adj 5
A: 00000006 B: 00000000 PC: 00000040 SP: 00001000 return
A: 00000000 B: 00000000 PC: 00000007 SP: 00001000 HALT
